Log file open, 11/29/21 19:28:21
LogInit: Display: Running engine for game: ColdDawn
LogPlatformFile: Not using cached read wrapper
LogTaskGraph: Started task graph with 5 named threads and 11 total threads with 3 sets of task threads.
LogStats: Stats thread started at 0.382148
LogD3D11RHI: Loaded GFSDK_Aftermath_Lib.x64.dll
LogICUInternationalization: ICU TimeZone Detection - Raw Offset: -8:00, Platform Override: ''
LogPluginManager: Mounting plugin Paper2D
LogPluginManager: Mounting plugin AISupport
LogPluginManager: Mounting plugin LightPropagationVolume
LogPluginManager: Mounting plugin CameraShakePreviewer
LogPluginManager: Mounting plugin ActorLayerUtilities
LogPluginManager: Mounting plugin AnimationSharing
LogPluginManager: Mounting plugin CLionSourceCodeAccess
LogPluginManager: Mounting plugin CodeLiteSourceCodeAccess
LogPluginManager: Mounting plugin GitSourceControl
LogPluginManager: Mounting plugin KDevelopSourceCodeAccess
LogPluginManager: Mounting plugin NullSourceCodeAccess
LogPluginManager: Mounting plugin PerforceSourceControl
LogPluginManager: Mounting plugin PlasticSourceControl
LogPluginManager: Mounting plugin RiderSourceCodeAccess
LogPluginManager: Mounting plugin SubversionSourceControl
LogPluginManager: Mounting plugin UObjectPlugin
LogPluginManager: Mounting plugin VisualStudioCodeSourceCodeAccess
LogPluginManager: Mounting plugin VisualStudioSourceCodeAccess
LogPluginManager: Mounting plugin XCodeSourceCodeAccess
LogPluginManager: Mounting plugin AssetManagerEditor
LogPluginManager: Mounting plugin CryptoKeys
LogPluginManager: Mounting plugin CurveEditorTools
LogPluginManager: Mounting plugin DataValidation
LogPluginManager: Mounting plugin EditorScriptingUtilities
LogPluginManager: Mounting plugin FacialAnimation
LogPluginManager: Mounting plugin GameplayTagsEditor
LogPluginManager: Mounting plugin GeometryMode
LogPluginManager: Mounting plugin MacGraphicsSwitching
LogPluginManager: Mounting plugin MaterialAnalyzer
LogPluginManager: Mounting plugin MobileLauncherProfileWizard
LogPluginManager: Mounting plugin PluginBrowser
LogPluginManager: Mounting plugin SpeedTreeImporter
LogPluginManager: Mounting plugin DatasmithContent
LogPluginManager: Mounting plugin VariantManagerContent
LogPluginManager: Mounting plugin AlembicImporter
LogPluginManager: Mounting plugin AutomationUtils
LogPluginManager: Mounting plugin BackChannel
LogPluginManager: Mounting plugin ChaosCloth
LogPluginManager: Mounting plugin ChaosClothEditor
LogPluginManager: Mounting plugin ChaosEditor
LogPluginManager: Mounting plugin ChaosNiagara
LogPluginManager: Mounting plugin ChaosSolverPlugin
LogPluginManager: Mounting plugin CharacterAI
LogPluginManager: Mounting plugin GeometryCache
LogPluginManager: Mounting plugin GeometryCollectionPlugin
LogPluginManager: Mounting plugin GeometryProcessing
LogPluginManager: Mounting plugin PlanarCut
LogPluginManager: Mounting plugin PlatformCrypto
LogPluginManager: Mounting plugin ProxyLODPlugin
LogPluginManager: Mounting plugin SkeletalReduction
LogPluginManager: Mounting plugin Niagara
LogPluginManager: Mounting plugin MagicLeap
LogPluginManager: Mounting plugin MagicLeapLightEstimation
LogPluginManager: Mounting plugin MagicLeapMedia
LogPluginManager: Mounting plugin MagicLeapPassableWorld
LogPluginManager: Mounting plugin MLSDK
LogPluginManager: Mounting plugin AndroidMedia
LogPluginManager: Mounting plugin AvfMedia
LogPluginManager: Mounting plugin ImgMedia
LogPluginManager: Mounting plugin MediaCompositing
LogPluginManager: Mounting plugin MediaPlayerEditor
LogPluginManager: Mounting plugin WebMMedia
LogPluginManager: Mounting plugin WmfMedia
LogPluginManager: Mounting plugin MeshPainting
LogPluginManager: Mounting plugin TcpMessaging
LogPluginManager: Mounting plugin UdpMessaging
LogPluginManager: Mounting plugin ActorSequence
LogPluginManager: Mounting plugin LevelSequenceEditor
LogPluginManager: Mounting plugin MatineeToLevelSequence
LogPluginManager: Mounting plugin MovieRenderPipeline
LogPluginManager: Mounting plugin TemplateSequence
LogPluginManager: Mounting plugin NetcodeUnitTest
LogPluginManager: Mounting plugin NUTUnrealEngine4
LogPluginManager: Mounting plugin OnlineSubsystemGooglePlay
LogPluginManager: Mounting plugin OnlineSubsystemIOS
LogPluginManager: Mounting plugin OnlineSubsystem
LogPluginManager: Mounting plugin OnlineSubsystemNull
LogPluginManager: Mounting plugin OnlineSubsystemUtils
LogPluginManager: Mounting plugin LauncherChunkInstaller
LogPluginManager: Mounting plugin AndroidDeviceProfileSelector
LogPluginManager: Mounting plugin AndroidMoviePlayer
LogPluginManager: Mounting plugin AndroidPermission
LogPluginManager: Mounting plugin AppleImageUtils
LogPluginManager: Mounting plugin AppleMoviePlayer
LogPluginManager: Mounting plugin ArchVisCharacter
LogPluginManager: Mounting plugin AssetTags
LogPluginManager: Mounting plugin AudioCapture
LogPluginManager: Mounting plugin CableComponent
LogPluginManager: Mounting plugin CustomMeshComponent
LogPluginManager: Mounting plugin EditableMesh
LogPluginManager: Mounting plugin ExampleDeviceProfileSelector
LogPluginManager: Mounting plugin GoogleCloudMessaging
LogPluginManager: Mounting plugin GooglePAD
LogPluginManager: Mounting plugin IOSDeviceProfileSelector
LogPluginManager: Mounting plugin LinuxDeviceProfileSelector
LogPluginManager: Mounting plugin LocationServicesBPLibrary
LogPluginManager: Mounting plugin MobilePatchingUtils
LogPluginManager: Mounting plugin OculusVR
LogPluginManager: Mounting plugin PhysXVehicles
LogPluginManager: Mounting plugin PostSplashScreen
LogPluginManager: Mounting plugin ProceduralMeshComponent
LogPluginManager: Mounting plugin RuntimePhysXCooking
LogPluginManager: Mounting plugin SignificanceManager
LogPluginManager: Mounting plugin SoundFields
LogPluginManager: Mounting plugin SteamVR
LogPluginManager: Mounting plugin Synthesis
LogPluginManager: Mounting plugin WebMMoviePlayer
LogPluginManager: Mounting plugin WindowsMoviePlayer
LogPluginManager: Mounting plugin ScreenshotTools
LogInit: Using libcurl 7.55.1-DEV
LogInit:  - built for x86_64-pc-win32
LogInit:  - supports SSL with OpenSSL/1.1.1
LogInit:  - supports HTTP deflate (compression) using libz 1.2.8
LogInit:  - other features:
LogInit:      CURL_VERSION_SSL
LogInit:      CURL_VERSION_LIBZ
LogInit:      CURL_VERSION_IPV6
LogInit:      CURL_VERSION_ASYNCHDNS
LogInit:      CURL_VERSION_LARGEFILE
LogInit:      CURL_VERSION_IDN
LogInit:  CurlRequestOptions (configurable via config and command line):
LogInit:  - bVerifyPeer = true  - Libcurl will verify peer certificate
LogInit:  - bUseHttpProxy = false  - Libcurl will NOT use HTTP proxy
LogInit:  - bDontReuseConnections = false  - Libcurl will reuse connections
LogInit:  - MaxHostConnections = 16  - Libcurl will limit the number of connections to a host
LogInit:  - LocalHostAddr = Default
LogInit:  - BufferSize = 65536
LogOnline: OSS: Creating online subsystem instance for: NULL
LogInit: WinSock: version 1.1 (2.2), MaxSocks=32767, MaxUdp=65467
LogOnline: OSS: TryLoadSubsystemAndSetDefault: Loaded subsystem for module [NULL]
LogInit: Build: ++UE4+Release-4.25-CL-14469661
LogInit: Engine Version: 4.25.4-14469661+++UE4+Release-4.25
LogInit: Compatible Engine Version: 4.25.0-13144385+++UE4+Release-4.25
LogInit: Net CL: 13144385
LogInit: OS: Windows 10 (Release 2009) (), CPU: Intel(R) Core(TM) i5-7200U CPU @ 2.50GHz, GPU: Intel(R) HD Graphics 620
LogInit: Compiled (64-bit): Oct 11 2020 08:10:49
LogInit: Compiled with Visual C++: 19.24.28315.00
LogInit: Build Configuration: Development
LogInit: Branch Name: ++UE4+Release-4.25
LogInit: Command Line: 
LogInit: Base Directory: C:/Program Files/Epic Games/UE_4.25/Engine/Binaries/Win64/
LogInit: Allocator: TBB
LogInit: Installed Engine Build: 1
LogDevObjectVersion: Number of dev versions registered: 26
LogDevObjectVersion:   Dev-Blueprints (B0D832E4-1F89-4F0D-ACCF-7EB736FD4AA2): 10
LogDevObjectVersion:   Dev-Build (E1C64328-A22C-4D53-A36C-8E866417BD8C): 0
LogDevObjectVersion:   Dev-Core (375EC13C-06E4-48FB-B500-84F0262A717E): 4
LogDevObjectVersion:   Dev-Editor (E4B068ED-F494-42E9-A231-DA0B2E46BB41): 38
LogDevObjectVersion:   Dev-Framework (CFFC743F-43B0-4480-9391-14DF171D2073): 37
LogDevObjectVersion:   Dev-Mobile (B02B49B5-BB20-44E9-A304-32B752E40360): 2
LogDevObjectVersion:   Dev-Networking (A4E4105C-59A1-49B5-A7C5-40C4547EDFEE): 0
LogDevObjectVersion:   Dev-Online (39C831C9-5AE6-47DC-9A44-9C173E1C8E7C): 0
LogDevObjectVersion:   Dev-Physics (78F01B33-EBEA-4F98-B9B4-84EACCB95AA2): 4
LogDevObjectVersion:   Dev-Platform (6631380F-2D4D-43E0-8009-CF276956A95A): 0
LogDevObjectVersion:   Dev-Rendering (12F88B9F-8875-4AFC-A67C-D90C383ABD29): 43
LogDevObjectVersion:   Dev-Sequencer (7B5AE74C-D270-4C10-A958-57980B212A5A): 12
LogDevObjectVersion:   Dev-VR (D7296918-1DD6-4BDD-9DE2-64A83CC13884): 3
LogDevObjectVersion:   Dev-LoadTimes (C2A15278-BFE7-4AFE-6C17-90FF531DF755): 1
LogDevObjectVersion:   Private-Geometry (6EACA3D4-40EC-4CC1-B786-8BED09428FC5): 3
LogDevObjectVersion:   Dev-AnimPhys (29E575DD-E0A3-4627-9D10-D276232CDCEA): 17
LogDevObjectVersion:   Dev-Anim (AF43A65D-7FD3-4947-9873-3E8ED9C1BB05): 7
LogDevObjectVersion:   Dev-ReflectionCapture (6B266CEC-1EC7-4B8F-A30B-E4D90942FC07): 1
LogDevObjectVersion:   Dev-Automation (0DF73D61-A23F-47EA-B727-89E90C41499A): 1
LogDevObjectVersion:   FortniteMain (601D1886-AC64-4F84-AA16-D3DE0DEAC7D6): 31
LogDevObjectVersion:   Dev-Enterprise (9DFFBCD6-494F-0158-E221-12823C92A888): 10
LogDevObjectVersion:   Dev-Niagara (F2AED0AC-9AFE-416F-8664-AA7FFA26D6FC): 1
LogDevObjectVersion:   Dev-Destruction (174F1F0B-B4C6-45A5-B13F-2EE8D0FB917D): 10
LogDevObjectVersion:   Dev-Physics-Ext (35F94A83-E258-406C-A318-09F59610247C): 37
LogDevObjectVersion:   Dev-PhysicsMaterial-Chaos (B68FC16E-8B1B-42E2-B453-215C058844FE): 1
LogDevObjectVersion:   Dev-CineCamera (B2E18506-4273-CFC2-A54E-F4BB758BBA07): 1
LogInit: Presizing for max 25165824 objects, including 0 objects not considered by GC, pre-allocating 0 bytes for permanent pool.
LogConfig: Applying CVar settings from Section [/Script/Engine.StreamingSettings] File [C:/Users/Administrator/Documents/GitHub/ColdDawn/Saved/Config/Windows/Engine.ini]
LogConfig: Setting CVar [[s.MinBulkDataSizeForAsyncLoading:131072]]
LogConfig: Setting CVar [[s.AsyncLoadingThreadEnabled:0]]
LogConfig: Setting CVar [[s.EventDrivenLoaderEnabled:1]]
LogConfig: Setting CVar [[s.WarnIfTimeLimitExceeded:0]]
LogConfig: Setting CVar [[s.TimeLimitExceededMultiplier:1.5]]
LogConfig: Setting CVar [[s.TimeLimitExceededMinTime:0.005]]
LogConfig: Setting CVar [[s.UseBackgroundLevelStreaming:1]]
LogConfig: Setting CVar [[s.PriorityAsyncLoadingExtraTime:15.0]]
LogConfig: Setting CVar [[s.LevelStreamingActorsUpdateTimeLimit:5.0]]
LogConfig: Setting CVar [[s.PriorityLevelStreamingActorsUpdateExtraTime:5.0]]
LogConfig: Setting CVar [[s.LevelStreamingComponentsRegistrationGranularity:10]]
LogConfig: Setting CVar [[s.UnregisterComponentsTimeLimit:1.0]]
LogConfig: Setting CVar [[s.LevelStreamingComponentsUnregistrationGranularity:5]]
LogConfig: Setting CVar [[s.FlushStreamingOnExit:1]]
LogInit: Object subsystem initialized
LogConfig: Setting CVar [[con.DebugEarlyDefault:1]]
LogConfig: Setting CVar [[r.setres:1280x720]]
[2021.11.30-03.28.21:573][  0]LogConfig: Setting CVar [[r.VSync:0]]
[2021.11.30-03.28.21:574][  0]LogConfig: Setting CVar [[r.RHICmdBypass:0]]
[2021.11.30-03.28.21:574][  0]LogConfig: Applying CVar settings from Section [/Script/Engine.RendererSettings] File [C:/Users/Administrator/Documents/GitHub/ColdDawn/Saved/Config/Windows/Engine.ini]
[2021.11.30-03.28.21:574][  0]LogConfig: Setting CVar [[r.GPUCrashDebugging:0]]
[2021.11.30-03.28.21:574][  0]LogConfig: Applying CVar settings from Section [/Script/Engine.RendererOverrideSettings] File [C:/Users/Administrator/Documents/GitHub/ColdDawn/Saved/Config/Windows/Engine.ini]
[2021.11.30-03.28.21:574][  0]LogConfig: Applying CVar settings from Section [/Script/Engine.StreamingSettings] File [C:/Users/Administrator/Documents/GitHub/ColdDawn/Saved/Config/Windows/Engine.ini]
[2021.11.30-03.28.21:574][  0]LogConfig: Setting CVar [[s.MinBulkDataSizeForAsyncLoading:131072]]
[2021.11.30-03.28.21:574][  0]LogConfig: Setting CVar [[s.AsyncLoadingThreadEnabled:0]]
[2021.11.30-03.28.21:574][  0]LogConfig: Setting CVar [[s.EventDrivenLoaderEnabled:1]]
[2021.11.30-03.28.21:574][  0]LogConfig: Setting CVar [[s.WarnIfTimeLimitExceeded:0]]
[2021.11.30-03.28.21:574][  0]LogConfig: Setting CVar [[s.TimeLimitExceededMultiplier:1.5]]
[2021.11.30-03.28.21:574][  0]LogConfig: Setting CVar [[s.TimeLimitExceededMinTime:0.005]]
[2021.11.30-03.28.21:574][  0]LogConfig: Setting CVar [[s.UseBackgroundLevelStreaming:1]]
[2021.11.30-03.28.21:574][  0]LogConfig: Setting CVar [[s.PriorityAsyncLoadingExtraTime:15.0]]
[2021.11.30-03.28.21:574][  0]LogConfig: Setting CVar [[s.LevelStreamingActorsUpdateTimeLimit:5.0]]
[2021.11.30-03.28.21:574][  0]LogConfig: Setting CVar [[s.PriorityLevelStreamingActorsUpdateExtraTime:5.0]]
[2021.11.30-03.28.21:574][  0]LogConfig: Setting CVar [[s.LevelStreamingComponentsRegistrationGranularity:10]]
[2021.11.30-03.28.21:574][  0]LogConfig: Setting CVar [[s.UnregisterComponentsTimeLimit:1.0]]
[2021.11.30-03.28.21:574][  0]LogConfig: Setting CVar [[s.LevelStreamingComponentsUnregistrationGranularity:5]]
[2021.11.30-03.28.21:574][  0]LogConfig: Setting CVar [[s.FlushStreamingOnExit:1]]
[2021.11.30-03.28.21:574][  0]LogConfig: Applying CVar settings from Section [/Script/Engine.GarbageCollectionSettings] File [C:/Users/Administrator/Documents/GitHub/ColdDawn/Saved/Config/Windows/Engine.ini]
[2021.11.30-03.28.21:574][  0]LogConfig: Setting CVar [[gc.MaxObjectsNotConsideredByGC:1]]
[2021.11.30-03.28.21:574][  0]LogConfig: Setting CVar [[gc.SizeOfPermanentObjectPool:0]]
[2021.11.30-03.28.21:574][  0]LogConfig: Setting CVar [[gc.FlushStreamingOnGC:0]]
[2021.11.30-03.28.21:574][  0]LogConfig: Setting CVar [[gc.NumRetriesBeforeForcingGC:10]]
[2021.11.30-03.28.21:574][  0]LogConfig: Setting CVar [[gc.AllowParallelGC:1]]
[2021.11.30-03.28.21:574][  0]LogConfig: Setting CVar [[gc.TimeBetweenPurgingPendingKillObjects:61.1]]
[2021.11.30-03.28.21:574][  0]LogConfig: Setting CVar [[gc.MaxObjectsInEditor:25165824]]
[2021.11.30-03.28.21:574][  0]LogConfig: Setting CVar [[gc.IncrementalBeginDestroyEnabled:1]]
[2021.11.30-03.28.21:574][  0]LogConfig: Setting CVar [[gc.CreateGCClusters:1]]
[2021.11.30-03.28.21:574][  0]LogConfig: Setting CVar [[gc.MinGCClusterSize:5]]
[2021.11.30-03.28.21:574][  0]LogConfig: Setting CVar [[gc.ActorClusteringEnabled:0]]
[2021.11.30-03.28.21:574][  0]LogConfig: Setting CVar [[gc.BlueprintClusteringEnabled:0]]
[2021.11.30-03.28.21:574][  0]LogConfig: Setting CVar [[gc.UseDisregardForGCOnDedicatedServers:0]]
[2021.11.30-03.28.21:574][  0]LogConfig: Applying CVar settings from Section [/Script/Engine.NetworkSettings] File [C:/Users/Administrator/Documents/GitHub/ColdDawn/Saved/Config/Windows/Engine.ini]
[2021.11.30-03.28.21:574][  0]LogConfig: Applying CVar settings from Section [/Script/UnrealEd.CookerSettings] File [C:/Users/Administrator/Documents/GitHub/ColdDawn/Saved/Config/Windows/Engine.ini]
[2021.11.30-03.28.21:577][  0]LogConfig: Applying CVar settings from Section [ViewDistanceQuality@3] File [C:/Users/Administrator/Documents/GitHub/ColdDawn/Saved/Config/Windows/Scalability.ini]
[2021.11.30-03.28.21:577][  0]LogConfig: Setting CVar [[r.SkeletalMeshLODBias:0]]
[2021.11.30-03.28.21:577][  0]LogConfig: Setting CVar [[r.ViewDistanceScale:1.0]]
[2021.11.30-03.28.21:577][  0]LogConfig: Applying CVar settings from Section [AntiAliasingQuality@3] File [C:/Users/Administrator/Documents/GitHub/ColdDawn/Saved/Config/Windows/Scalability.ini]
[2021.11.30-03.28.21:577][  0]LogConfig: Setting CVar [[r.PostProcessAAQuality:4]]
[2021.11.30-03.28.21:577][  0]LogConfig: Applying CVar settings from Section [ShadowQuality@3] File [C:/Users/Administrator/Documents/GitHub/ColdDawn/Saved/Config/Windows/Scalability.ini]
[2021.11.30-03.28.21:577][  0]LogConfig: Setting CVar [[r.LightFunctionQuality:1]]
[2021.11.30-03.28.21:577][  0]LogConfig: Setting CVar [[r.ShadowQuality:5]]
[2021.11.30-03.28.21:577][  0]LogConfig: Setting CVar [[r.Shadow.CSM.MaxCascades:10]]
[2021.11.30-03.28.21:577][  0]LogConfig: Setting CVar [[r.Shadow.MaxResolution:2048]]
[2021.11.30-03.28.21:577][  0]LogConfig: Setting CVar [[r.Shadow.MaxCSMResolution:2048]]
[2021.11.30-03.28.21:577][  0]LogConfig: Setting CVar [[r.Shadow.RadiusThreshold:0.01]]
[2021.11.30-03.28.21:577][  0]LogConfig: Setting CVar [[r.Shadow.DistanceScale:1.0]]
[2021.11.30-03.28.21:577][  0]LogConfig: Setting CVar [[r.Shadow.CSM.TransitionScale:1.0]]
[2021.11.30-03.28.21:577][  0]LogConfig: Setting CVar [[r.Shadow.PreShadowResolutionFactor:1.0]]
[2021.11.30-03.28.21:577][  0]LogConfig: Setting CVar [[r.DistanceFieldShadowing:1]]
[2021.11.30-03.28.21:577][  0]LogConfig: Setting CVar [[r.DistanceFieldAO:1]]
[2021.11.30-03.28.21:577][  0]LogConfig: Setting CVar [[r.AOQuality:2]]
[2021.11.30-03.28.21:577][  0]LogConfig: Setting CVar [[r.VolumetricFog:1]]
[2021.11.30-03.28.21:577][  0]LogConfig: Setting CVar [[r.VolumetricFog.GridPixelSize:8]]
[2021.11.30-03.28.21:577][  0]LogConfig: Setting CVar [[r.VolumetricFog.GridSizeZ:128]]
[2021.11.30-03.28.21:577][  0]LogConfig: Setting CVar [[r.VolumetricFog.HistoryMissSupersampleCount:4]]
[2021.11.30-03.28.21:577][  0]LogConfig: Setting CVar [[r.LightMaxDrawDistanceScale:1]]
[2021.11.30-03.28.21:577][  0]LogConfig: Setting CVar [[r.CapsuleShadows:1]]
[2021.11.30-03.28.21:577][  0]LogConfig: Applying CVar settings from Section [PostProcessQuality@3] File [C:/Users/Administrator/Documents/GitHub/ColdDawn/Saved/Config/Windows/Scalability.ini]
[2021.11.30-03.28.21:578][  0]LogConfig: Setting CVar [[r.MotionBlurQuality:4]]
[2021.11.30-03.28.21:578][  0]LogConfig: Setting CVar [[r.AmbientOcclusionMipLevelFactor:0.4]]
[2021.11.30-03.28.21:578][  0]LogConfig: Setting CVar [[r.AmbientOcclusionMaxQuality:100]]
[2021.11.30-03.28.21:578][  0]LogConfig: Setting CVar [[r.AmbientOcclusionLevels:-1]]
[2021.11.30-03.28.21:578][  0]LogConfig: Setting CVar [[r.AmbientOcclusionRadiusScale:1.0]]
[2021.11.30-03.28.21:578][  0]LogConfig: Setting CVar [[r.DepthOfFieldQuality:2]]
[2021.11.30-03.28.21:578][  0]LogConfig: Setting CVar [[r.RenderTargetPoolMin:400]]
[2021.11.30-03.28.21:578][  0]LogConfig: Setting CVar [[r.LensFlareQuality:2]]
[2021.11.30-03.28.21:578][  0]LogConfig: Setting CVar [[r.SceneColorFringeQuality:1]]
[2021.11.30-03.28.21:578][  0]LogConfig: Setting CVar [[r.EyeAdaptationQuality:2]]
[2021.11.30-03.28.21:578][  0]LogConfig: Setting CVar [[r.BloomQuality:5]]
[2021.11.30-03.28.21:578][  0]LogConfig: Setting CVar [[r.FastBlurThreshold:100]]
[2021.11.30-03.28.21:578][  0]LogConfig: Setting CVar [[r.Upscale.Quality:3]]
[2021.11.30-03.28.21:578][  0]LogConfig: Setting CVar [[r.Tonemapper.GrainQuantization:1]]
[2021.11.30-03.28.21:578][  0]LogConfig: Setting CVar [[r.LightShaftQuality:1]]
[2021.11.30-03.28.21:578][  0]LogConfig: Setting CVar [[r.Filter.SizeScale:1]]
[2021.11.30-03.28.21:578][  0]LogConfig: Setting CVar [[r.Tonemapper.Quality:5]]
[2021.11.30-03.28.21:578][  0]LogConfig: Setting CVar [[r.DOF.Gather.AccumulatorQuality:1        ; higher gathering accumulator quality]]
[2021.11.30-03.28.21:578][  0]LogConfig: Setting CVar [[r.DOF.Gather.PostfilterMethod:1          ; Median3x3 postfilering method]]
[2021.11.30-03.28.21:578][  0]LogConfig: Setting CVar [[r.DOF.Gather.EnableBokehSettings:0       ; no bokeh simulation when gathering]]
[2021.11.30-03.28.21:578][  0]LogConfig: Setting CVar [[r.DOF.Gather.RingCount:4                 ; medium number of samples when gathering]]
[2021.11.30-03.28.21:578][  0]LogConfig: Setting CVar [[r.DOF.Scatter.ForegroundCompositing:1    ; additive foreground scattering]]
[2021.11.30-03.28.21:578][  0]LogConfig: Setting CVar [[r.DOF.Scatter.BackgroundCompositing:2    ; additive background scattering]]
[2021.11.30-03.28.21:578][  0]LogConfig: Setting CVar [[r.DOF.Scatter.EnableBokehSettings:1      ; bokeh simulation when scattering]]
[2021.11.30-03.28.21:578][  0]LogConfig: Setting CVar [[r.DOF.Scatter.MaxSpriteRatio:0.1         ; only a maximum of 10% of scattered bokeh]]
[2021.11.30-03.28.21:578][  0]LogConfig: Setting CVar [[r.DOF.Recombine.Quality:1                ; cheap slight out of focus]]
[2021.11.30-03.28.21:578][  0]LogConfig: Setting CVar [[r.DOF.Recombine.EnableBokehSettings:0    ; no bokeh simulation on slight out of focus]]
[2021.11.30-03.28.21:578][  0]LogConfig: Setting CVar [[r.DOF.TemporalAAQuality:1                ; more stable temporal accumulation]]
[2021.11.30-03.28.21:578][  0]LogConfig: Setting CVar [[r.DOF.Kernel.MaxForegroundRadius:0.025]]
[2021.11.30-03.28.21:578][  0]LogConfig: Setting CVar [[r.DOF.Kernel.MaxBackgroundRadius:0.025]]
[2021.11.30-03.28.21:578][  0]LogConfig: Applying CVar settings from Section [TextureQuality@3] File [C:/Users/Administrator/Documents/GitHub/ColdDawn/Saved/Config/Windows/Scalability.ini]
[2021.11.30-03.28.21:578][  0]LogConfig: Setting CVar [[r.Streaming.MipBias:0]]
[2021.11.30-03.28.21:578][  0]LogConfig: Setting CVar [[r.Streaming.AmortizeCPUToGPUCopy:0]]
[2021.11.30-03.28.21:578][  0]LogConfig: Setting CVar [[r.Streaming.MaxNumTexturesToStreamPerFrame:0]]
[2021.11.30-03.28.21:578][  0]LogConfig: Setting CVar [[r.Streaming.Boost:1]]
[2021.11.30-03.28.21:578][  0]LogConfig: Setting CVar [[r.MaxAnisotropy:8]]
[2021.11.30-03.28.21:578][  0]LogConfig: Setting CVar [[r.VT.MaxAnisotropy:8]]
[2021.11.30-03.28.21:578][  0]LogConfig: Setting CVar [[r.Streaming.LimitPoolSizeToVRAM:0]]
[2021.11.30-03.28.21:578][  0]LogConfig: Setting CVar [[r.Streaming.PoolSize:1000]]
[2021.11.30-03.28.21:578][  0]LogConfig: Setting CVar [[r.Streaming.MaxEffectiveScreenSize:0]]
[2021.11.30-03.28.21:578][  0]LogConfig: Applying CVar settings from Section [EffectsQuality@3] File [C:/Users/Administrator/Documents/GitHub/ColdDawn/Saved/Config/Windows/Scalability.ini]
[2021.11.30-03.28.21:578][  0]LogConfig: Setting CVar [[r.TranslucencyLightingVolumeDim:64]]
[2021.11.30-03.28.21:578][  0]LogConfig: Setting CVar [[r.RefractionQuality:2]]
[2021.11.30-03.28.21:578][  0]LogConfig: Setting CVar [[r.SSR.Quality:3]]
[2021.11.30-03.28.21:578][  0]LogConfig: Setting CVar [[r.SSR.HalfResSceneColor:0]]
[2021.11.30-03.28.21:578][  0]LogConfig: Setting CVar [[r.SceneColorFormat:4]]
[2021.11.30-03.28.21:578][  0]LogConfig: Setting CVar [[r.DetailMode:2]]
[2021.11.30-03.28.21:578][  0]LogConfig: Setting CVar [[r.TranslucencyVolumeBlur:1]]
[2021.11.30-03.28.21:578][  0]LogConfig: Setting CVar [[r.MaterialQualityLevel:1 ; High quality]]
[2021.11.30-03.28.21:578][  0]LogConfig: Setting CVar [[r.SSS.Scale:1]]
[2021.11.30-03.28.21:578][  0]LogConfig: Setting CVar [[r.SSS.SampleSet:2]]
[2021.11.30-03.28.21:578][  0]LogConfig: Setting CVar [[r.SSS.Quality:1]]
[2021.11.30-03.28.21:578][  0]LogConfig: Setting CVar [[r.SSS.HalfRes:0]]
[2021.11.30-03.28.21:578][  0]LogConfig: Setting CVar [[r.SSGI.Quality:3]]
[2021.11.30-03.28.21:578][  0]LogConfig: Setting CVar [[r.EmitterSpawnRateScale:1.0]]
[2021.11.30-03.28.21:578][  0]LogConfig: Setting CVar [[r.ParticleLightQuality:2]]
[2021.11.30-03.28.21:578][  0]LogConfig: Setting CVar [[r.SkyAtmosphere.AerialPerspectiveLUT.FastApplyOnOpaque:1 ; Always have FastSkyLUT 1 in this case to avoid wrong sky]]
[2021.11.30-03.28.21:578][  0]LogConfig: Setting CVar [[r.SkyAtmosphere.AerialPerspectiveLUT.SampleCountPerSlice:1]]
[2021.11.30-03.28.21:578][  0]LogConfig: Setting CVar [[r.SkyAtmosphere.AerialPerspectiveLUT.DepthResolution:16.0]]
[2021.11.30-03.28.21:578][  0]LogConfig: Setting CVar [[r.SkyAtmosphere.FastSkyLUT:1]]
[2021.11.30-03.28.21:578][  0]LogConfig: Setting CVar [[r.SkyAtmosphere.FastSkyLUT.SampleCountMin:4.0]]
[2021.11.30-03.28.21:578][  0]LogConfig: Setting CVar [[r.SkyAtmosphere.FastSkyLUT.SampleCountMax:32.0]]
[2021.11.30-03.28.21:578][  0]LogConfig: Setting CVar [[r.SkyAtmosphere.SampleCountMin:4.0]]
[2021.11.30-03.28.21:579][  0]LogConfig: Setting CVar [[r.SkyAtmosphere.SampleCountMax:32.0]]
[2021.11.30-03.28.21:579][  0]LogConfig: Setting CVar [[r.SkyAtmosphere.TransmittanceLUT.UseSmallFormat:0]]
[2021.11.30-03.28.21:579][  0]LogConfig: Setting CVar [[r.SkyAtmosphere.TransmittanceLUT.SampleCount:10.0]]
[2021.11.30-03.28.21:579][  0]LogConfig: Setting CVar [[r.SkyAtmosphere.MultiScatteringLUT.SampleCount:15.0]]
[2021.11.30-03.28.21:579][  0]LogConfig: Applying CVar settings from Section [FoliageQuality@3] File [C:/Users/Administrator/Documents/GitHub/ColdDawn/Saved/Config/Windows/Scalability.ini]
[2021.11.30-03.28.21:579][  0]LogConfig: Setting CVar [[foliage.DensityScale:1.0]]
[2021.11.30-03.28.21:579][  0]LogConfig: Setting CVar [[grass.DensityScale:1.0]]
[2021.11.30-03.28.21:579][  0]LogConfig: Applying CVar settings from Section [ShadingQuality@3] File [C:/Users/Administrator/Documents/GitHub/ColdDawn/Saved/Config/Windows/Scalability.ini]
[2021.11.30-03.28.21:579][  0]LogConfig: Setting CVar [[r.HairStrands.SkyLighting.SampleCount:16]]
[2021.11.30-03.28.21:579][  0]LogConfig: Setting CVar [[r.HairStrands.SkyLighting.JitterIntegration:0]]
[2021.11.30-03.28.21:579][  0]LogConfig: Setting CVar [[r.HairStrands.SkyAO.SampleCount:16]]
[2021.11.30-03.28.21:579][  0]LogConfig: Setting CVar [[r.HairStrands.DeepShadow.SuperSampling:0]]
[2021.11.30-03.28.21:579][  0]LogConfig: Setting CVar [[r.HairStrands.VisibilityPPLL:0]]
[2021.11.30-03.28.21:579][  0]LogConfig: Setting CVar [[r.HairStrands.RasterizationScale:0.5]]
[2021.11.30-03.28.21:579][  0]LogConfig: Setting CVar [[r.HairStrands.VelocityRasterizationScale:1]]
[2021.11.30-03.28.21:579][  0]LogInit: Selected Device Profile: [Windows]
[2021.11.30-03.28.21:579][  0]LogInit: Applying CVar settings loaded from the selected device profile: [Windows]
[2021.11.30-03.28.21:579][  0]LogHAL: Display: Platform has ~ 4 GB [4185088000 / 4294967296 / 4], which maps to Smallest [LargestMinGB=32, LargerMinGB=12, DefaultMinGB=8, SmallerMinGB=6, SmallestMinGB=0)
[2021.11.30-03.28.21:579][  0]LogInit: Going up to parent DeviceProfile []
[2021.11.30-03.28.21:579][  0]LogConfig: Applying CVar settings from Section [ViewDistanceQuality@3] File [C:/Users/Administrator/Documents/GitHub/ColdDawn/Saved/Config/Windows/Scalability.ini]
[2021.11.30-03.28.21:579][  0]LogConfig: Setting CVar [[r.SkeletalMeshLODBias:0]]
[2021.11.30-03.28.21:579][  0]LogConfig: Setting CVar [[r.ViewDistanceScale:1.0]]
[2021.11.30-03.28.21:579][  0]LogConfig: Applying CVar settings from Section [AntiAliasingQuality@3] File [C:/Users/Administrator/Documents/GitHub/ColdDawn/Saved/Config/Windows/Scalability.ini]
[2021.11.30-03.28.21:579][  0]LogConfig: Setting CVar [[r.PostProcessAAQuality:4]]
[2021.11.30-03.28.21:579][  0]LogConfig: Applying CVar settings from Section [ShadowQuality@3] File [C:/Users/Administrator/Documents/GitHub/ColdDawn/Saved/Config/Windows/Scalability.ini]
[2021.11.30-03.28.21:579][  0]LogConfig: Setting CVar [[r.LightFunctionQuality:1]]
[2021.11.30-03.28.21:579][  0]LogConfig: Setting CVar [[r.ShadowQuality:5]]
[2021.11.30-03.28.21:579][  0]LogConfig: Setting CVar [[r.Shadow.CSM.MaxCascades:10]]
[2021.11.30-03.28.21:579][  0]LogConfig: Setting CVar [[r.Shadow.MaxResolution:2048]]
[2021.11.30-03.28.21:579][  0]LogConfig: Setting CVar [[r.Shadow.MaxCSMResolution:2048]]
[2021.11.30-03.28.21:579][  0]LogConfig: Setting CVar [[r.Shadow.RadiusThreshold:0.01]]
[2021.11.30-03.28.21:579][  0]LogConfig: Setting CVar [[r.Shadow.DistanceScale:1.0]]
[2021.11.30-03.28.21:579][  0]LogConfig: Setting CVar [[r.Shadow.CSM.TransitionScale:1.0]]
[2021.11.30-03.28.21:579][  0]LogConfig: Setting CVar [[r.Shadow.PreShadowResolutionFactor:1.0]]
[2021.11.30-03.28.21:579][  0]LogConfig: Setting CVar [[r.DistanceFieldShadowing:1]]
[2021.11.30-03.28.21:579][  0]LogConfig: Setting CVar [[r.DistanceFieldAO:1]]
[2021.11.30-03.28.21:579][  0]LogConfig: Setting CVar [[r.AOQuality:2]]
[2021.11.30-03.28.21:579][  0]LogConfig: Setting CVar [[r.VolumetricFog:1]]
[2021.11.30-03.28.21:579][  0]LogConfig: Setting CVar [[r.VolumetricFog.GridPixelSize:8]]
[2021.11.30-03.28.21:579][  0]LogConfig: Setting CVar [[r.VolumetricFog.GridSizeZ:128]]
[2021.11.30-03.28.21:579][  0]LogConfig: Setting CVar [[r.VolumetricFog.HistoryMissSupersampleCount:4]]
[2021.11.30-03.28.21:579][  0]LogConfig: Setting CVar [[r.LightMaxDrawDistanceScale:1]]
[2021.11.30-03.28.21:579][  0]LogConfig: Setting CVar [[r.CapsuleShadows:1]]
[2021.11.30-03.28.21:579][  0]LogConfig: Applying CVar settings from Section [PostProcessQuality@3] File [C:/Users/Administrator/Documents/GitHub/ColdDawn/Saved/Config/Windows/Scalability.ini]
[2021.11.30-03.28.21:579][  0]LogConfig: Setting CVar [[r.MotionBlurQuality:4]]
[2021.11.30-03.28.21:579][  0]LogConfig: Setting CVar [[r.AmbientOcclusionMipLevelFactor:0.4]]
[2021.11.30-03.28.21:579][  0]LogConfig: Setting CVar [[r.AmbientOcclusionMaxQuality:100]]
[2021.11.30-03.28.21:579][  0]LogConfig: Setting CVar [[r.AmbientOcclusionLevels:-1]]
[2021.11.30-03.28.21:579][  0]LogConfig: Setting CVar [[r.AmbientOcclusionRadiusScale:1.0]]
[2021.11.30-03.28.21:579][  0]LogConfig: Setting CVar [[r.DepthOfFieldQuality:2]]
[2021.11.30-03.28.21:579][  0]LogConfig: Setting CVar [[r.RenderTargetPoolMin:400]]
[2021.11.30-03.28.21:579][  0]LogConfig: Setting CVar [[r.LensFlareQuality:2]]
[2021.11.30-03.28.21:579][  0]LogConfig: Setting CVar [[r.SceneColorFringeQuality:1]]
[2021.11.30-03.28.21:579][  0]LogConfig: Setting CVar [[r.EyeAdaptationQuality:2]]
[2021.11.30-03.28.21:579][  0]LogConfig: Setting CVar [[r.BloomQuality:5]]
[2021.11.30-03.28.21:579][  0]LogConfig: Setting CVar [[r.FastBlurThreshold:100]]
[2021.11.30-03.28.21:579][  0]LogConfig: Setting CVar [[r.Upscale.Quality:3]]
[2021.11.30-03.28.21:579][  0]LogConfig: Setting CVar [[r.Tonemapper.GrainQuantization:1]]
[2021.11.30-03.28.21:579][  0]LogConfig: Setting CVar [[r.LightShaftQuality:1]]
[2021.11.30-03.28.21:580][  0]LogConfig: Setting CVar [[r.Filter.SizeScale:1]]
[2021.11.30-03.28.21:580][  0]LogConfig: Setting CVar [[r.Tonemapper.Quality:5]]
[2021.11.30-03.28.21:580][  0]LogConfig: Setting CVar [[r.DOF.Gather.AccumulatorQuality:1        ; higher gathering accumulator quality]]
[2021.11.30-03.28.21:580][  0]LogConfig: Setting CVar [[r.DOF.Gather.PostfilterMethod:1          ; Median3x3 postfilering method]]
[2021.11.30-03.28.21:580][  0]LogConfig: Setting CVar [[r.DOF.Gather.EnableBokehSettings:0       ; no bokeh simulation when gathering]]
[2021.11.30-03.28.21:580][  0]LogConfig: Setting CVar [[r.DOF.Gather.RingCount:4                 ; medium number of samples when gathering]]
[2021.11.30-03.28.21:580][  0]LogConfig: Setting CVar [[r.DOF.Scatter.ForegroundCompositing:1    ; additive foreground scattering]]
[2021.11.30-03.28.21:580][  0]LogConfig: Setting CVar [[r.DOF.Scatter.BackgroundCompositing:2    ; additive background scattering]]
[2021.11.30-03.28.21:580][  0]LogConfig: Setting CVar [[r.DOF.Scatter.EnableBokehSettings:1      ; bokeh simulation when scattering]]
[2021.11.30-03.28.21:580][  0]LogConfig: Setting CVar [[r.DOF.Scatter.MaxSpriteRatio:0.1         ; only a maximum of 10% of scattered bokeh]]
[2021.11.30-03.28.21:580][  0]LogConfig: Setting CVar [[r.DOF.Recombine.Quality:1                ; cheap slight out of focus]]
[2021.11.30-03.28.21:580][  0]LogConfig: Setting CVar [[r.DOF.Recombine.EnableBokehSettings:0    ; no bokeh simulation on slight out of focus]]
[2021.11.30-03.28.21:580][  0]LogConfig: Setting CVar [[r.DOF.TemporalAAQuality:1                ; more stable temporal accumulation]]
[2021.11.30-03.28.21:580][  0]LogConfig: Setting CVar [[r.DOF.Kernel.MaxForegroundRadius:0.025]]
[2021.11.30-03.28.21:580][  0]LogConfig: Setting CVar [[r.DOF.Kernel.MaxBackgroundRadius:0.025]]
[2021.11.30-03.28.21:580][  0]LogConfig: Applying CVar settings from Section [TextureQuality@3] File [C:/Users/Administrator/Documents/GitHub/ColdDawn/Saved/Config/Windows/Scalability.ini]
[2021.11.30-03.28.21:580][  0]LogConfig: Setting CVar [[r.Streaming.MipBias:0]]
[2021.11.30-03.28.21:580][  0]LogConfig: Setting CVar [[r.Streaming.AmortizeCPUToGPUCopy:0]]
[2021.11.30-03.28.21:580][  0]LogConfig: Setting CVar [[r.Streaming.MaxNumTexturesToStreamPerFrame:0]]
[2021.11.30-03.28.21:580][  0]LogConfig: Setting CVar [[r.Streaming.Boost:1]]
[2021.11.30-03.28.21:580][  0]LogConfig: Setting CVar [[r.MaxAnisotropy:8]]
[2021.11.30-03.28.21:580][  0]LogConfig: Setting CVar [[r.VT.MaxAnisotropy:8]]
[2021.11.30-03.28.21:580][  0]LogConfig: Setting CVar [[r.Streaming.LimitPoolSizeToVRAM:0]]
[2021.11.30-03.28.21:580][  0]LogConfig: Setting CVar [[r.Streaming.PoolSize:1000]]
[2021.11.30-03.28.21:580][  0]LogConfig: Setting CVar [[r.Streaming.MaxEffectiveScreenSize:0]]
[2021.11.30-03.28.21:580][  0]LogConfig: Applying CVar settings from Section [EffectsQuality@3] File [C:/Users/Administrator/Documents/GitHub/ColdDawn/Saved/Config/Windows/Scalability.ini]
[2021.11.30-03.28.21:580][  0]LogConfig: Setting CVar [[r.TranslucencyLightingVolumeDim:64]]
[2021.11.30-03.28.21:580][  0]LogConfig: Setting CVar [[r.RefractionQuality:2]]
[2021.11.30-03.28.21:580][  0]LogConfig: Setting CVar [[r.SSR.Quality:3]]
[2021.11.30-03.28.21:580][  0]LogConfig: Setting CVar [[r.SSR.HalfResSceneColor:0]]
[2021.11.30-03.28.21:580][  0]LogConfig: Setting CVar [[r.SceneColorFormat:4]]
[2021.11.30-03.28.21:580][  0]LogConfig: Setting CVar [[r.DetailMode:2]]
[2021.11.30-03.28.21:580][  0]LogConfig: Setting CVar [[r.TranslucencyVolumeBlur:1]]
[2021.11.30-03.28.21:580][  0]LogConfig: Setting CVar [[r.MaterialQualityLevel:1 ; High quality]]
[2021.11.30-03.28.21:580][  0]LogConfig: Setting CVar [[r.SSS.Scale:1]]
[2021.11.30-03.28.21:580][  0]LogConfig: Setting CVar [[r.SSS.SampleSet:2]]
[2021.11.30-03.28.21:580][  0]LogConfig: Setting CVar [[r.SSS.Quality:1]]
[2021.11.30-03.28.21:580][  0]LogConfig: Setting CVar [[r.SSS.HalfRes:0]]
[2021.11.30-03.28.21:580][  0]LogConfig: Setting CVar [[r.SSGI.Quality:3]]
[2021.11.30-03.28.21:580][  0]LogConfig: Setting CVar [[r.EmitterSpawnRateScale:1.0]]
[2021.11.30-03.28.21:580][  0]LogConfig: Setting CVar [[r.ParticleLightQuality:2]]
[2021.11.30-03.28.21:580][  0]LogConfig: Setting CVar [[r.SkyAtmosphere.AerialPerspectiveLUT.FastApplyOnOpaque:1 ; Always have FastSkyLUT 1 in this case to avoid wrong sky]]
[2021.11.30-03.28.21:580][  0]LogConfig: Setting CVar [[r.SkyAtmosphere.AerialPerspectiveLUT.SampleCountPerSlice:1]]
[2021.11.30-03.28.21:580][  0]LogConfig: Setting CVar [[r.SkyAtmosphere.AerialPerspectiveLUT.DepthResolution:16.0]]
[2021.11.30-03.28.21:580][  0]LogConfig: Setting CVar [[r.SkyAtmosphere.FastSkyLUT:1]]
[2021.11.30-03.28.21:580][  0]LogConfig: Setting CVar [[r.SkyAtmosphere.FastSkyLUT.SampleCountMin:4.0]]
[2021.11.30-03.28.21:580][  0]LogConfig: Setting CVar [[r.SkyAtmosphere.FastSkyLUT.SampleCountMax:32.0]]
[2021.11.30-03.28.21:580][  0]LogConfig: Setting CVar [[r.SkyAtmosphere.SampleCountMin:4.0]]
[2021.11.30-03.28.21:580][  0]LogConfig: Setting CVar [[r.SkyAtmosphere.SampleCountMax:32.0]]
[2021.11.30-03.28.21:580][  0]LogConfig: Setting CVar [[r.SkyAtmosphere.TransmittanceLUT.UseSmallFormat:0]]
[2021.11.30-03.28.21:580][  0]LogConfig: Setting CVar [[r.SkyAtmosphere.TransmittanceLUT.SampleCount:10.0]]
[2021.11.30-03.28.21:581][  0]LogConfig: Setting CVar [[r.SkyAtmosphere.MultiScatteringLUT.SampleCount:15.0]]
[2021.11.30-03.28.21:581][  0]LogConfig: Applying CVar settings from Section [FoliageQuality@3] File [C:/Users/Administrator/Documents/GitHub/ColdDawn/Saved/Config/Windows/Scalability.ini]
[2021.11.30-03.28.21:581][  0]LogConfig: Setting CVar [[foliage.DensityScale:1.0]]
[2021.11.30-03.28.21:581][  0]LogConfig: Setting CVar [[grass.DensityScale:1.0]]
[2021.11.30-03.28.21:581][  0]LogConfig: Applying CVar settings from Section [ShadingQuality@3] File [C:/Users/Administrator/Documents/GitHub/ColdDawn/Saved/Config/Windows/Scalability.ini]
[2021.11.30-03.28.21:581][  0]LogConfig: Setting CVar [[r.HairStrands.SkyLighting.SampleCount:16]]
[2021.11.30-03.28.21:581][  0]LogConfig: Setting CVar [[r.HairStrands.SkyLighting.JitterIntegration:0]]
[2021.11.30-03.28.21:581][  0]LogConfig: Setting CVar [[r.HairStrands.SkyAO.SampleCount:16]]
[2021.11.30-03.28.21:581][  0]LogConfig: Setting CVar [[r.HairStrands.DeepShadow.SuperSampling:0]]
[2021.11.30-03.28.21:581][  0]LogConfig: Setting CVar [[r.HairStrands.VisibilityPPLL:0]]
[2021.11.30-03.28.21:581][  0]LogConfig: Setting CVar [[r.HairStrands.RasterizationScale:0.5]]
[2021.11.30-03.28.21:581][  0]LogConfig: Setting CVar [[r.HairStrands.VelocityRasterizationScale:1]]
[2021.11.30-03.28.21:581][  0]LogConfig: Applying CVar settings from Section [Startup] File [../../../Engine/Config/ConsoleVariables.ini]
[2021.11.30-03.28.21:582][  0]LogConfig: Setting CVar [[net.UseAdaptiveNetUpdateFrequency:0]]
[2021.11.30-03.28.21:582][  0]LogConfig: Setting CVar [[p.chaos.AllowCreatePhysxBodies:1]]
[2021.11.30-03.28.21:582][  0]LogConfig: Setting CVar [[fx.SkipVectorVMBackendOptimizations:1]]
[2021.11.30-03.28.21:582][  0]LogConfig: Applying CVar settings from Section [ConsoleVariables] File [C:/Users/Administrator/Documents/GitHub/ColdDawn/Saved/Config/Windows/Engine.ini]
[2021.11.30-03.28.21:582][  0]LogInit: Computer: DML-GE0OEAKTBKD
[2021.11.30-03.28.21:582][  0]LogInit: User: Administrator
[2021.11.30-03.28.21:582][  0]LogInit: CPU Page size=4096, Cores=2
[2021.11.30-03.28.21:582][  0]LogInit: High frequency timer resolution =10.000000 MHz
[2021.11.30-03.28.21:582][  0]LogMemory: Memory total: Physical=3.9GB (4GB approx)
[2021.11.30-03.28.21:582][  0]LogMemory: Platform Memory Stats for Windows
[2021.11.30-03.28.21:582][  0]LogMemory: Process Physical Memory: 114.12 MB used, 114.12 MB peak
[2021.11.30-03.28.21:582][  0]LogMemory: Process Virtual Memory: 94.96 MB used, 94.96 MB peak
[2021.11.30-03.28.21:582][  0]LogMemory: Physical Memory: 2827.96 MB used,  1163.25 MB free, 3991.21 MB total
[2021.11.30-03.28.21:582][  0]LogMemory: Virtual Memory: 5124.55 MB used,  134212600.00 MB free, 134217728.00 MB total
[2021.11.30-03.28.21:592][  0]LogWindows: WindowsPlatformFeatures enabled
[2021.11.30-03.28.21:648][  0]LogInit: Physics initialised using underlying interface: PhysX
[2021.11.30-03.28.21:649][  0]LogInit: Using OS detected language (en-US).
[2021.11.30-03.28.21:649][  0]LogInit: Using OS detected locale (en-US).
[2021.11.30-03.28.21:655][  0]LogTextLocalizationManager: No specific localization for 'en-US' exists, so the 'en' localization will be used.
[2021.11.30-03.28.22:141][  0]LogInit: Setting process to per monitor DPI aware
[2021.11.30-03.28.22:206][  0]LogSlate: New Slate User Created.  User Index 0, Is Virtual User: 0
[2021.11.30-03.28.22:206][  0]LogSlate: Slate User Registered.  User Index 0, Is Virtual User: 0
[2021.11.30-03.28.22:863][  0]LogHMD: Failed to initialize OpenVR with code 110
[2021.11.30-03.28.22:863][  0]LogD3D11RHI: D3D11 min allowed feature level: 11_0
[2021.11.30-03.28.22:864][  0]LogD3D11RHI: D3D11 max allowed feature level: 11_0
[2021.11.30-03.28.22:864][  0]LogD3D11RHI: D3D11 adapters:
[2021.11.30-03.28.23:105][  0]LogD3D11RHI:    0. 'NVIDIA GeForce 930MX' (Feature Level 11_0)
[2021.11.30-03.28.23:105][  0]LogD3D11RHI:       2010/0/1995 MB DedicatedVideo/DedicatedSystem/SharedSystem, Outputs:1, VendorId:0x10de
[2021.11.30-03.28.23:130][  0]LogD3D11RHI:    1. 'Intel(R) HD Graphics 620' (Feature Level 11_0)
[2021.11.30-03.28.23:130][  0]LogD3D11RHI:       128/0/1995 MB DedicatedVideo/DedicatedSystem/SharedSystem, Outputs:0, VendorId:0x8086
[2021.11.30-03.28.23:156][  0]LogD3D11RHI:    2. 'Microsoft Basic Render Driver' (Feature Level 11_0)
[2021.11.30-03.28.23:156][  0]LogD3D11RHI:       0/0/1995 MB DedicatedVideo/DedicatedSystem/SharedSystem, Outputs:0, VendorId:0x1414
[2021.11.30-03.28.23:156][  0]LogD3D11RHI: Chosen D3D11 Adapter: 0
[2021.11.30-03.28.23:162][  0]LogD3D11RHI: Creating new Direct3DDevice
[2021.11.30-03.28.23:162][  0]LogD3D11RHI:     GPU DeviceId: 0x134e (for the marketing name, search the web for "GPU Device Id")
[2021.11.30-03.28.23:162][  0]LogWindows: EnumDisplayDevices:
[2021.11.30-03.28.23:162][  0]LogWindows:    0. 'Intel(R) HD Graphics 620' (P:1 D:1)
[2021.11.30-03.28.23:163][  0]LogWindows:    1. 'Intel(R) HD Graphics 620' (P:0 D:0)
[2021.11.30-03.28.23:163][  0]LogWindows:    2. 'Intel(R) HD Graphics 620' (P:0 D:0)
[2021.11.30-03.28.23:163][  0]LogWindows: DebugString: PrimaryIsNotTheChoosenAdapter PrimaryIsNotTheChoosenAdapter PrimaryIsNotTheChoosenAdapter FoundDriverCount:0 
[2021.11.30-03.28.23:163][  0]LogD3D11RHI:     Adapter Name: NVIDIA GeForce 930MX
[2021.11.30-03.28.23:163][  0]LogD3D11RHI:   Driver Version: Unknown (internal:Unknown, unified:Unknown)
[2021.11.30-03.28.23:163][  0]LogD3D11RHI:      Driver Date: Unknown
[2021.11.30-03.28.23:163][  0]LogRHI: Texture pool is 1407 MB (70% of 2010 MB)
[2021.11.30-03.28.23:290][  0]LogD3D11RHI: RHI has support for 64 bit atomics
[2021.11.30-03.28.23:290][  0]LogD3D11RHI: Async texture creation enabled
[2021.11.30-03.28.23:316][  0]LogD3D11RHI: GPU Timing Frequency: 1000.000000 (Debug: 2 1)
[2021.11.30-03.28.23:953][  0]LogTargetPlatformManager: Display: Loaded TargetPlatform 'AllDesktop'
[2021.11.30-03.28.23:994][  0]LogTargetPlatformManager: Display: Loaded TargetPlatform 'Android'
[2021.11.30-03.28.23:994][  0]LogTargetPlatformManager: Display: Loaded TargetPlatform 'Android_ASTC'
[2021.11.30-03.28.23:994][  0]LogTargetPlatformManager: Display: Loaded TargetPlatform 'Android_DXT'
[2021.11.30-03.28.23:994][  0]LogTargetPlatformManager: Display: Loaded TargetPlatform 'Android_ETC2'
[2021.11.30-03.28.23:994][  0]LogTargetPlatformManager: Display: Loaded TargetPlatform 'AndroidClient'
[2021.11.30-03.28.23:994][  0]LogTargetPlatformManager: Display: Loaded TargetPlatform 'Android_ASTCClient'
[2021.11.30-03.28.23:994][  0]LogTargetPlatformManager: Display: Loaded TargetPlatform 'Android_DXTClient'
[2021.11.30-03.28.23:994][  0]LogTargetPlatformManager: Display: Loaded TargetPlatform 'Android_ETC2Client'
[2021.11.30-03.28.23:994][  0]LogTargetPlatformManager: Display: Loaded TargetPlatform 'Android_Multi'
[2021.11.30-03.28.23:994][  0]LogTargetPlatformManager: Display: Loaded TargetPlatform 'Android_MultiClient'
[2021.11.30-03.28.24:035][  0]LogTargetPlatformManager: Display: Loaded TargetPlatform 'IOSClient'
[2021.11.30-03.28.24:036][  0]LogTargetPlatformManager: Display: Loaded TargetPlatform 'IOS'
[2021.11.30-03.28.24:058][  0]LogTargetPlatformManager: Display: Loaded TargetPlatform 'Linux'
[2021.11.30-03.28.24:075][  0]LogTargetPlatformManager: Display: Loaded TargetPlatform 'LinuxNoEditor'
[2021.11.30-03.28.24:093][  0]LogTargetPlatformManager: Display: Loaded TargetPlatform 'LinuxClient'
[2021.11.30-03.28.24:110][  0]LogTargetPlatformManager: Display: Loaded TargetPlatform 'LinuxServer'
[2021.11.30-03.28.24:131][  0]LogTargetPlatformManager: Display: Loaded TargetPlatform 'LinuxAArch64NoEditor'
[2021.11.30-03.28.24:149][  0]LogTargetPlatformManager: Display: Loaded TargetPlatform 'LinuxAArch64Client'
[2021.11.30-03.28.24:170][  0]LogTargetPlatformManager: Display: Loaded TargetPlatform 'LinuxAArch64Server'
[2021.11.30-03.28.24:240][  0]LogTargetPlatformManager: Display: Loaded TargetPlatform 'Lumin'
[2021.11.30-03.28.24:240][  0]LogTargetPlatformManager: Display: Loaded TargetPlatform 'LuminClient'
[2021.11.30-03.28.24:270][  0]LogTargetPlatformManager: Display: Loaded TargetPlatform 'TVOSClient'
[2021.11.30-03.28.24:271][  0]LogTargetPlatformManager: Display: Loaded TargetPlatform 'TVOS'
[2021.11.30-03.28.24:292][  0]LogTargetPlatformManager: Display: Loaded TargetPlatform 'WindowsNoEditor'
[2021.11.30-03.28.24:309][  0]LogTargetPlatformManager: Display: Loaded TargetPlatform 'Windows'
[2021.11.30-03.28.24:327][  0]LogTargetPlatformManager: Display: Loaded TargetPlatform 'WindowsClient'
[2021.11.30-03.28.24:348][  0]LogTargetPlatformManager: Display: Loaded TargetPlatform 'WindowsServer'
[2021.11.30-03.28.24:348][  0]LogTargetPlatformManager: Display: Building Assets For Windows
[2021.11.30-03.28.24:365][  0]LogAudioDebug: Display: Lib vorbis DLL was dynamically loaded.
[2021.11.30-03.28.24:491][  0]LogShaderCompilers: Guid format shader working directory is -9 characters bigger than the processId version (../../../../../../Users/Administrator/Documents/GitHub/ColdDawn/Intermediate/Shaders/WorkingDirectory/2188/).
[2021.11.30-03.28.24:491][  0]LogShaderCompilers: Cleaned the shader compiler working directory 'C:/Users/Administrator/AppData/Local/Temp/UnrealShaderWorkingDir/3C6331B846AE62707E7502B5B65E9748/'.
[2021.11.30-03.28.24:493][  0]LogXGEController: Cannot use XGE Controller as Incredibuild is not installed on this machine.
[2021.11.30-03.28.24:493][  0]LogShaderCompilers: Cannot use XGE Shader Compiler as Incredibuild is not installed on this machine.
[2021.11.30-03.28.24:493][  0]LogShaderCompilers: Display: Using Local Shader Compiler.
[2021.11.30-03.28.26:011][  0]LogDerivedDataCache: Display: Max Cache Size: 512 MB
[2021.11.30-03.28.26:264][  0]LogDerivedDataCache: Loaded boot cache 0.25s 75MB C:/Users/Administrator/AppData/Local/UnrealEngine/4.25/DerivedDataCache/Boot.ddc.
[2021.11.30-03.28.26:264][  0]LogDerivedDataCache: Display: Loaded Boot cache: C:/Users/Administrator/AppData/Local/UnrealEngine/4.25/DerivedDataCache/Boot.ddc
[2021.11.30-03.28.26:264][  0]LogDerivedDataCache: FDerivedDataBackendGraph:  Pak pak cache file ../../../../../../Users/Administrator/Documents/GitHub/ColdDawn/DerivedDataCache/DDC.ddp not found, will not use a pak cache.
[2021.11.30-03.28.26:264][  0]LogDerivedDataCache: Unable to find inner node Pak for hierarchical cache Hierarchy.
[2021.11.30-03.28.26:264][  0]LogDerivedDataCache: FDerivedDataBackendGraph:  CompressedPak pak cache file ../../../../../../Users/Administrator/Documents/GitHub/ColdDawn/DerivedDataCache/Compressed.ddp not found, will not use a pak cache.
[2021.11.30-03.28.26:264][  0]LogDerivedDataCache: Unable to find inner node CompressedPak for hierarchical cache Hierarchy.
[2021.11.30-03.28.26:284][  0]LogDerivedDataCache: Display: Pak cache opened for reading ../../../Engine/DerivedDataCache/Compressed.ddp.
[2021.11.30-03.28.26:284][  0]LogDerivedDataCache: FDerivedDataBackendGraph:  EnterprisePak pak cache file ../../../Enterprise/DerivedDataCache/Compressed.ddp not found, will not use a pak cache.
[2021.11.30-03.28.26:284][  0]LogDerivedDataCache: Unable to find inner node EnterprisePak for hierarchical cache Hierarchy.
[2021.11.30-03.28.26:286][  0]LogDerivedDataCache: Using Local data cache path C:/Users/Administrator/AppData/Local/UnrealEngine/Common/DerivedDataCache: Writable
[2021.11.30-03.28.26:286][  0]LogDerivedDataCache: Shared data cache path not found in *engine.ini, will not use an Shared cache.
[2021.11.30-03.28.26:286][  0]LogDerivedDataCache: Unable to find inner node Shared for hierarchical cache Hierarchy.
[2021.11.30-03.28.26:396][  0]LogSlate: Using FreeType 2.10.0
[2021.11.30-03.28.26:398][  0]LogSlate: SlateFontServices - WITH_FREETYPE: 1, WITH_HARFBUZZ: 1
[2021.11.30-03.28.26:516][  0]LogAssetRegistry: FAssetRegistry took 0.0098 seconds to start up
[2021.11.30-03.28.27:075][  0]LogInit: Selected Device Profile: [Windows]
[2021.11.30-03.28.27:338][  0]LogMeshReduction: Using QuadricMeshReduction for automatic static mesh reduction
[2021.11.30-03.28.27:338][  0]LogMeshReduction: Using SimplygonMeshReduction for automatic skeletal mesh reduction
[2021.11.30-03.28.27:338][  0]LogMeshReduction: Using ProxyLODMeshReduction for automatic mesh merging
[2021.11.30-03.28.27:338][  0]LogMeshReduction: No distributed automatic mesh merging module available
[2021.11.30-03.28.27:338][  0]LogMeshMerging: No distributed automatic mesh merging module available
[2021.11.30-03.28.27:370][  0]LogNetVersion: ColdDawn 1.0.0, NetCL: 13144385, EngineNetVer: 14, GameNetVer: 0 (Checksum: 3432050753)
[2021.11.30-03.28.28:816][  0]LogAISub: UAISubsystem::UAISubsystem AISubsystem (000001DC74F2E980), frame # 0
[2021.11.30-03.28.28:816][  0]LogAISub: UAISubsystem::UAISubsystem AIPerceptionSystem (000001DC74DC6AC0), frame # 0
[2021.11.30-03.28.28:818][  0]LogAISub: UAISubsystem::UAISubsystem EnvQueryManager (000001DC74E1DC00), frame # 0
[2021.11.30-03.28.28:916][  0]LogPackageLocalizationCache: Processed 19 localized package path(s) for 1 prioritized culture(s) in 0.084741 seconds
[2021.11.30-03.28.28:926][  0]LogUObjectArray: 15917 objects as part of root set at end of initial load.
[2021.11.30-03.28.28:926][  0]LogUObjectAllocator: 3965568 out of 0 bytes used by permanent object pool.
[2021.11.30-03.28.28:926][  0]LogUObjectArray: CloseDisregardForGC: 0/0 objects in disregard for GC pool
[2021.11.30-03.28.29:768][  0]LogTcpMessaging: Initializing TcpMessaging bridge
[2021.11.30-03.28.29:776][  0]LogUdpMessaging: Initializing bridge on interface 0.0.0.0:0 to multicast group 230.0.0.1:6666.
[2021.11.30-03.28.29:931][  0]SourceControl: Source control is disabled
[2021.11.30-03.28.29:931][  0]SourceControl: Source control is disabled
[2021.11.30-03.28.29:939][  0]SourceControl: Source control is disabled
[2021.11.30-03.28.29:946][  0]SourceControl: Source control is disabled
[2021.11.30-03.28.29:957][  0]SourceControl: Source control is disabled
[2021.11.30-03.28.29:978][  0]LogVSAccessor: Display: Unable to create Visual Studio setup instance: 80040154
[2021.11.30-03.28.29:979][  0]LogVSAccessor: Display: Unable to create Visual Studio setup instance: 80040154
[2021.11.30-03.28.30:482][  0]LogAndroidPermission: UAndroidPermissionCallbackProxy::GetInstance
[2021.11.30-03.28.30:527][  0]LogAudioCaptureCore: Display: No Audio Capture implementations found. Audio input will be silent.
[2021.11.30-03.28.30:527][  0]LogAudioCaptureCore: Display: No Audio Capture implementations found. Audio input will be silent.
[2021.11.30-03.28.30:658][  0]LogOcInput: OculusInput pre-init called
[2021.11.30-03.28.30:685][  0]LogWindows: Failed to load 'OVRPlugin.dll' (GetLastError=126)
[2021.11.30-03.28.30:685][  0]LogWindows: File 'OVRPlugin.dll' does not exist
[2021.11.30-03.28.30:838][  0]LogEngine: Initializing Engine...
[2021.11.30-03.28.30:844][  0]LogHMD: Failed to initialize OpenVR with code 110
[2021.11.30-03.28.30:844][  0]LogMagicLeap: Warning: VR disabled because ZI is not enabled.  To enable, in the editor, Edit -> Project Settings -> Plugins -> Magic Leap Plugin -> Enable Zero Iteration
[2021.11.30-03.28.30:846][  0]LogStats: UGameplayTagsManager::InitializeManager -  0.000 s
[2021.11.30-03.28.31:175][  0]LogInit: Initializing FReadOnlyCVARCache
[2021.11.30-03.28.31:286][  0]LogAIModule: Creating AISystem for world Untitled
[2021.11.30-03.28.31:286][  0]LogAISub: UAISubsystem::UAISubsystem EnvQueryManager (000001DC789A8600), frame # 0
[2021.11.30-03.28.31:287][  0]LogAISub: UAISubsystem::UAISubsystem AIPerceptionSystem (000001DC78986980), frame # 0
[2021.11.30-03.28.31:330][  0]LogAudioMixer: Display: Audio Mixer Platform Settings:
[2021.11.30-03.28.31:330][  0]LogAudioMixer: Display: 	Sample Rate:						  48000
[2021.11.30-03.28.31:330][  0]LogAudioMixer: Display: 	Callback Buffer Frame Size Requested: 1024
[2021.11.30-03.28.31:330][  0]LogAudioMixer: Display: 	Callback Buffer Frame Size To Use:	  1024
[2021.11.30-03.28.31:330][  0]LogAudioMixer: Display: 	Number of buffers to queue:			  2
[2021.11.30-03.28.31:330][  0]LogAudioMixer: Display: 	Max Channels (voices):				  32
[2021.11.30-03.28.31:330][  0]LogAudioMixer: Display: 	Number of Async Source Workers:		  0
[2021.11.30-03.28.31:330][  0]LogAudio: Display: AudioDevice MaxSources: 32
[2021.11.30-03.28.31:334][  0]LogAudio: Display: Using built-in audio occlusion.
[2021.11.30-03.28.31:335][  0]LogAudioMixer: Display: Initializing audio mixer.
[2021.11.30-03.28.31:376][  0]LogAudioMixer: Display: 0: FrontLeft
[2021.11.30-03.28.31:376][  0]LogAudioMixer: Display: 1: FrontRight
[2021.11.30-03.28.31:466][  0]LogAudioMixer: Display: Using Audio Device Headphones (Conexant ISST Audio)
[2021.11.30-03.28.31:474][  0]LogAudioMixer: Display: Initializing Sound Submixes...
[2021.11.30-03.28.31:482][  0]LogAudioMixer: Display: Creating Master Submix 'MasterSubmixDefault'
[2021.11.30-03.28.31:483][  0]LogAudioMixer: Display: Creating Master Submix 'MasterReverbSubmixDefault'
[2021.11.30-03.28.31:489][  0]LogAudioMixer: Display: Creating Master Submix 'MasterEQSubmixDefault'
[2021.11.30-03.28.31:494][  0]LogInit: FAudioDevice initialized.
[2021.11.30-03.28.31:496][  0]LogNetVersion: Set ProjectVersion to 1.0.0.0. Version Checksum will be recalculated on next use.
[2021.11.30-03.28.31:679][  0]LogDerivedDataCache: Saved boot cache 0.18s 75MB C:/Users/Administrator/AppData/Local/UnrealEngine/4.25/DerivedDataCache/Boot.ddc.
[2021.11.30-03.28.31:680][  0]LogInit: Texture streaming: Enabled
[2021.11.30-03.28.31:740][  0]LogEngineSessionManager: EngineSessionManager initialized
[2021.11.30-03.28.31:741][  0]LogEditorSessionSummary: Verbose: Initializing EditorSessionSummaryWriter for editor session tracking
[2021.11.30-03.28.31:749][  0]LogEditorSessionSummary: EditorSessionSummaryWriter initialized
[2021.11.30-03.28.31:856][  0]LogInit: Transaction tracking system initialized
[2021.11.30-03.28.31:936][  0]BlueprintLog: New page: Editor Load
[2021.11.30-03.28.32:452][  0]LocalizationService: Localization service is disabled
[2021.11.30-03.28.32:736][  0]LogVSAccessor: Display: Unable to create Visual Studio setup instance: 80040154
[2021.11.30-03.28.32:736][  0]LogVSAccessor: Display: Unable to create Visual Studio setup instance: 80040154
[2021.11.30-03.28.32:950][  0]LogCook: Display: Max memory allowance for cook 16384mb min free memory 0mb
[2021.11.30-03.28.32:951][  0]LogCook: Display: Mobile HDR setting 1
[2021.11.30-03.28.33:376][  0]LogFileCache: Scanning file cache for directory 'C:/Users/Administrator/Documents/GitHub/ColdDawn/Content/' took 0.03s
[2021.11.30-03.28.33:965][  0]SourceControl: Source control is disabled
[2021.11.30-03.28.33:966][  0]LogUnrealEdMisc: Loading editor; pre map load, took 18.034
[2021.11.30-03.28.33:968][  0]Cmd: MAP LOAD FILE="../../../../../../Users/Administrator/Documents/GitHub/ColdDawn/Content/ColdDawn/Levels/tutorial_map_v1.umap" TEMPLATE=0 SHOWPROGRESS=1 FEATURELEVEL=3
[2021.11.30-03.28.33:981][  0]LightingResults: New page: Lighting Build
[2021.11.30-03.28.33:992][  0]LogWorld: UWorld::CleanupWorld for Untitled, bSessionEnded=true, bCleanupResources=true
[2021.11.30-03.28.33:993][  0]LogSlate: InvalidateAllWidgets triggered.  All widgets were invalidated
[2021.11.30-03.28.33:996][  0]MapCheck: New page: Map Check
[2021.11.30-03.28.33:996][  0]LightingResults: New page: Lighting Build
[2021.11.30-03.28.34:034][  0]LogAISub: UAISubsystem::~UAISubsystem EnvQueryManager (000001DC789A8600), frame # 0
[2021.11.30-03.28.34:034][  0]LogAISub: UAISubsystem::~UAISubsystem AIPerceptionSystem (000001DC78986980), frame # 0
[2021.11.30-03.28.34:036][  0]LogUObjectHash: Compacting FUObjectHashTables data took   1.20ms
[2021.11.30-03.28.34:854][  0]LogProperty: Error: FStructProperty::Serialize Loading: Property 'StructProperty /Game/ColdDawn/InventorySystem/Items/Item.Item_C:ItemStructure'. Unknown structure.
[2021.11.30-03.28.34:855][  0]LogProperty: Error: FStructProperty::Serialize Loading: Property 'StructProperty /Game/ColdDawn/InventorySystem/Items/Item.Item_C:ExecuteUbergraph_Item:K2Node_MakeStruct_SlotStructure'. Unknown structure.
[2021.11.30-03.28.35:389][  0]LogProperty: Error: FStructProperty::Serialize Loading: Property 'StructProperty /Game/ColdDawn/InventorySystem/InventoryUI/Inventory_Window.Inventory_Window_C:ExecuteUbergraph_Inventory_Window:CallFunc_Array_Get_Item'. Unknown structure.
[2021.11.30-03.28.35:621][  0]LogClass: Warning: Property ItemStructure of ItemStructure has a struct type mismatch (tag STRUCT_REINST_ItemStructure_2 != prop FallbackStruct) in package:  ../../../../../../Users/Administrator/Documents/GitHub/ColdDawn/Content/ColdDawn/InventorySystem/Items/Item.uasset. If that struct got renamed, add an entry to ActiveStructRedirects.
[2021.11.30-03.28.35:872][  0]LogClass: Warning: Property ItemStructure of ItemStructure has a struct type mismatch (tag FallbackStruct != prop ItemStructure) in package:  FObjectReader. If that struct got renamed, add an entry to ActiveStructRedirects.
[2021.11.30-03.28.38:297][  0]LogSkeletalMesh: Building Skeletal Mesh SK_Mannequin_Arms...
[2021.11.30-03.28.38:405][  0]LogSkeletalMesh: Built Skeletal Mesh [0.11s] /Game/FirstPerson/Character/Mesh/SK_Mannequin_Arms.SK_Mannequin_Arms
[2021.11.30-03.28.39:545][  0]LogSkeletalMesh: Building Skeletal Mesh SK_AR4...
[2021.11.30-03.28.39:597][  0]LogSkeletalMesh: Built Skeletal Mesh [0.05s] /Game/FPS_Weapon_Bundle/Weapons/Meshes/AR4/SK_AR4.SK_AR4
[2021.11.30-03.28.40:135][  0]LogAIModule: Creating AISystem for world tutorial_map_v1
[2021.11.30-03.28.40:135][  0]LogAISub: UAISubsystem::UAISubsystem EnvQueryManager (000001DC0E010800), frame # 0
[2021.11.30-03.28.40:135][  0]LogAISub: UAISubsystem::UAISubsystem AIPerceptionSystem (000001DC0DF86200), frame # 0
[2021.11.30-03.28.40:200][  0]LogMaterial: Display: Material /Game/StarterContent/Props/Materials/M_MaterialSphere.M_MaterialSphere needed to have new flag set bUsedWithStaticLighting !
[2021.11.30-03.28.40:215][  0]LogMaterial: Display: Missing cached shader map for material M_MaterialSphere, compiling. 
[2021.11.30-03.28.40:333][  0]MapCheck: Warning: M_MaterialSphere Material /Game/StarterContent/Props/Materials/M_MaterialSphere.M_MaterialSphere was missing the usage flag bUsedWithStaticLighting. If the material asset is not re-saved, it may not render correctly when run outside the editor. Fix
[2021.11.30-03.28.40:504][  0]LogShaderCompilers: Display: Worker (1/3): shaders left to compile 24
[2021.11.30-03.28.40:504][  0]LogShaderCompilers: Display: Worker (2/3): shaders left to compile 15
[2021.11.30-03.28.40:504][  0]LogShaderCompilers: Display: Worker (3/3): shaders left to compile 6
[2021.11.30-03.28.40:504][  0]LogEditorServer: Finished looking for orphan Actors (0.000 secs)
[2021.11.30-03.28.40:690][  0]LogUObjectHash: Compacting FUObjectHashTables data took   2.43ms
[2021.11.30-03.28.40:695][  0]Cmd: MAP CHECKDEP NOCLEARLOG
[2021.11.30-03.28.40:696][  0]MapCheck: Map check complete: 0 Error(s), 1 Warning(s), took 0.673ms to complete.
[2021.11.30-03.28.40:772][  0]LogFileHelpers: Loading map 'tutorial_map_v1' took 6.805
[2021.11.30-03.28.40:851][  0]LogUnrealEdMisc: Total Editor Startup Time, took 24.919
[2021.11.30-03.28.41:150][  0]LogSlate: Updating window title bar state: overlay mode, drag disabled, window buttons hidden, title bar hidden
[2021.11.30-03.28.41:169][  0]LogSlate: Updating window title bar state: overlay mode, drag disabled, window buttons hidden, title bar hidden
[2021.11.30-03.28.41:192][  0]LogSlate: Updating window title bar state: overlay mode, drag disabled, window buttons hidden, title bar hidden
[2021.11.30-03.28.41:209][  0]LogSlate: Updating window title bar state: overlay mode, drag disabled, window buttons hidden, title bar hidden
[2021.11.30-03.28.41:237][  0]LogCollectionManager: Loaded 0 collections in 0.005907 seconds
[2021.11.30-03.28.41:321][  0]LogFileCache: Scanning file cache for directory 'C:/Users/Administrator/Documents/GitHub/ColdDawn/Saved/Collections/' took 0.00s
[2021.11.30-03.28.41:321][  0]LogFileCache: Scanning file cache for directory 'C:/Users/Administrator/Documents/GitHub/ColdDawn/Content/Developers/Administrator/Collections/' took 0.00s
[2021.11.30-03.28.41:321][  0]LogFileCache: Scanning file cache for directory 'C:/Users/Administrator/Documents/GitHub/ColdDawn/Content/Collections/' took 0.00s
[2021.11.30-03.28.41:321][  0]LogContentBrowser: Native class hierarchy populated in 0.0265 seconds. Added 3427 classes and 821 folders.
[2021.11.30-03.28.41:341][  0]LogContentBrowser: Native class hierarchy updated for 'WidgetCarousel' in 0.0005 seconds. Added 0 classes and 0 folders.
[2021.11.30-03.28.42:325][  0]LogContentBrowser: Native class hierarchy updated for 'AddContentDialog' in 0.0005 seconds. Added 0 classes and 0 folders.
[2021.11.30-03.28.42:356][  0]LogContentBrowser: Native class hierarchy updated for 'SceneOutliner' in 0.0005 seconds. Added 2 classes and 0 folders.
[2021.11.30-03.28.42:782][  0]LogSlate: Took 0.004238 seconds to synchronously load lazily loaded font '../../../Engine/Content/Slate/Fonts/Roboto-Regular.ttf' (155K)
[2021.11.30-03.28.42:800][  0]LogSlate: Took 0.002916 seconds to synchronously load lazily loaded font '../../../Engine/Content/Slate/Fonts/Roboto-Bold.ttf' (160K)
[2021.11.30-03.28.42:850][  0]LogSlate: Took 0.006111 seconds to synchronously load lazily loaded font '../../../Engine/Content/Editor/Slate/Fonts/FontAwesome.ttf' (139K)
[2021.11.30-03.28.43:133][  0]LogRenderer: Reallocating scene render targets to support 884x448 Format 10 NumSamples 1 (Frame:1).
[2021.11.30-03.28.55:562][  0]LogContentBrowser: Native class hierarchy updated for 'HierarchicalLODOutliner' in 0.0005 seconds. Added 0 classes and 0 folders.
[2021.11.30-03.28.55:563][  0]LogLoad: (Engine Initialization) Total time: 39.63 seconds
[2021.11.30-03.28.55:563][  0]LogLoad: (Engine Initialization) Total Blueprint compile time: 0.00 seconds
[2021.11.30-03.28.55:689][  0]LogContentStreaming: Texture pool size now 1000 MB
[2021.11.30-03.28.55:821][  0]LogSlate: Took 0.001183 seconds to synchronously load lazily loaded font '../../../Engine/Content/Slate/Fonts/Roboto-Light.ttf' (167K)
[2021.11.30-03.29.30:872][584]LogAssetRegistry: Asset discovery search completed in 64.3583 seconds
[2021.11.30-03.29.30:890][584]LogCollectionManager: Fixed up redirectors for 0 collections in 0.000001 seconds (updated 0 objects)
[2021.11.30-03.30.18:833][552]LogLinker: Warning: While loading '../../../../../../Users/Administrator/Documents/GitHub/ColdDawn/Content/ThirdPersonBP/Blueprints/MainMenu.uasset' failed to load '/Game/StarterContent/Materials/136797': Can't find file.
[2021.11.30-03.30.18:835][552]LogLinker: Warning: While loading '../../../../../../Users/Administrator/Documents/GitHub/ColdDawn/Content/ThirdPersonBP/Blueprints/MainMenu.uasset' failed to load '/Game/StarterContent/Materials/136797': Can't find file.
[2021.11.30-03.30.18:843][552]LogLinker: Warning: While loading '../../../../../../Users/Administrator/Documents/GitHub/ColdDawn/Content/ThirdPersonBP/Blueprints/Options.uasset' failed to load '/Game/StarterContent/Textures/Dawn': Can't find file.
[2021.11.30-03.30.18:843][552]LogLinker: Warning: While loading '../../../../../../Users/Administrator/Documents/GitHub/ColdDawn/Content/ThirdPersonBP/Blueprints/Options.uasset' failed to load '/Game/StarterContent/Textures/Dawn': Can't find file.
[2021.11.30-03.30.18:854][552]LogLinker: Warning: While loading '../../../../../../Users/Administrator/Documents/GitHub/ColdDawn/Content/ThirdPersonBP/Blueprints/Options.uasset' failed to load '/Game/StarterContent/Textures/Dawn': Can't find file.
[2021.11.30-03.30.18:854][552]LogLinker: Warning: While loading '../../../../../../Users/Administrator/Documents/GitHub/ColdDawn/Content/ThirdPersonBP/Blueprints/Options.uasset' failed to load '/Game/StarterContent/Textures/Dawn': Can't find file.
[2021.11.30-03.30.18:854][552]LogLinker: Warning: While loading '../../../../../../Users/Administrator/Documents/GitHub/ColdDawn/Content/ThirdPersonBP/Blueprints/Options.uasset' failed to load '/Game/StarterContent/Textures/Dawn': Can't find file.
[2021.11.30-03.30.18:855][552]LogLinker: Warning: While loading '../../../../../../Users/Administrator/Documents/GitHub/ColdDawn/Content/ThirdPersonBP/Blueprints/Options.uasset' failed to load '/Game/StarterContent/Textures/Dawn': Can't find file.
[2021.11.30-03.30.18:861][552]LogLinker: Warning: While loading '../../../../../../Users/Administrator/Documents/GitHub/ColdDawn/Content/ThirdPersonBP/Blueprints/Options.uasset' failed to load '/Game/StarterContent/Textures/Dawn': Can't find file.
[2021.11.30-03.30.18:865][552]LoadErrors: Failed to load /Game/StarterContent/Textures/Dawn.Dawn Referenced by Image_134
[2021.11.30-03.30.18:866][552]LogLinker: Warning: While loading '../../../../../../Users/Administrator/Documents/GitHub/ColdDawn/Content/ThirdPersonBP/Blueprints/Options.uasset' failed to load '/Game/StarterContent/Textures/Dawn': Can't find file.
[2021.11.30-03.30.18:870][552]LogLinker: Warning: While loading '../../../../../../Users/Administrator/Documents/GitHub/ColdDawn/Content/ThirdPersonBP/Blueprints/Options.uasset' failed to load '/Game/StarterContent/Materials/136797': Can't find file.
[2021.11.30-03.30.18:871][552]LogLinker: Warning: While loading '../../../../../../Users/Administrator/Documents/GitHub/ColdDawn/Content/ThirdPersonBP/Blueprints/Options.uasset' failed to load '/Game/StarterContent/Materials/136797': Can't find file.
[2021.11.30-03.30.18:871][552]LogLinker: Warning: While loading '../../../../../../Users/Administrator/Documents/GitHub/ColdDawn/Content/ThirdPersonBP/Blueprints/Options.uasset' failed to load '/Game/StarterContent/Materials/136797': Can't find file.
[2021.11.30-03.30.18:871][552]LogLinker: Warning: While loading '../../../../../../Users/Administrator/Documents/GitHub/ColdDawn/Content/ThirdPersonBP/Blueprints/Options.uasset' failed to load '/Game/StarterContent/Materials/136797': Can't find file.
[2021.11.30-03.30.18:872][552]LogLinker: Warning: While loading '../../../../../../Users/Administrator/Documents/GitHub/ColdDawn/Content/ThirdPersonBP/Blueprints/Options.uasset' failed to load '/Game/StarterContent/Materials/136797': Can't find file.
[2021.11.30-03.30.18:872][552]LoadErrors: Failed to load /Game/StarterContent/Materials/136797.136797 Referenced by Image_71
[2021.11.30-03.30.18:872][552]LogLinker: Warning: While loading '../../../../../../Users/Administrator/Documents/GitHub/ColdDawn/Content/ThirdPersonBP/Blueprints/Options.uasset' failed to load '/Game/StarterContent/Materials/136797': Can't find file.
[2021.11.30-03.30.18:964][552]LogLinker: Warning: While loading '../../../../../../Users/Administrator/Documents/GitHub/ColdDawn/Content/ThirdPersonBP/Blueprints/Options.uasset' failed to load '/Game/StarterContent/Textures/Dawn': Can't find file.
[2021.11.30-03.30.18:965][552]LogLinker: Warning: While loading '../../../../../../Users/Administrator/Documents/GitHub/ColdDawn/Content/ThirdPersonBP/Blueprints/Options.uasset' failed to load '/Game/StarterContent/Textures/Dawn': Can't find file.
[2021.11.30-03.30.18:965][552]LogLinker: Warning: While loading '../../../../../../Users/Administrator/Documents/GitHub/ColdDawn/Content/ThirdPersonBP/Blueprints/MainMenu.uasset' failed to load '/Game/StarterContent/Materials/136797': Can't find file.
[2021.11.30-03.30.18:965][552]LogLinker: Warning: While loading '../../../../../../Users/Administrator/Documents/GitHub/ColdDawn/Content/ThirdPersonBP/Blueprints/MainMenu.uasset' failed to load '/Game/StarterContent/Materials/136797': Can't find file.
[2021.11.30-03.30.19:011][552]LogSlate: Took 0.000199 seconds to synchronously load lazily loaded font '../../../Engine/Content/Slate/Fonts/Roboto-Light.ttf' (167K)
[2021.11.30-03.30.19:053][552]LogAssetEditorSubsystem: Opening Asset editor for WidgetBlueprint /Game/ThirdPersonBP/Blueprints/MainMenu.MainMenu
[2021.11.30-03.30.19:609][552]LogContentBrowser: Native class hierarchy updated for 'BlueprintGraph' in 0.0009 seconds. Added 125 classes and 0 folders.
[2021.11.30-03.30.21:609][552]LogSlate: Took 0.001443 seconds to synchronously load lazily loaded font '../../../Engine/Content/Slate/Fonts/Roboto-BoldCondensed.ttf' (158K)
[2021.11.30-03.33.19:140][ 73]AssetReimport: New page: Outstanding source content changes 11:33:19 AM
[2021.11.30-03.33.19:279][ 74]LogFactory: FactoryCreateFile: Texture with ReimportTextureFactory (0 0 C:/Users/Administrator/Documents/GitHub/ColdDawn/Content/StarterContent/Materials/Wallpaper.jpg)
[2021.11.30-03.33.20:236][ 75]Cmd: OBJ SAVEPACKAGE PACKAGE="/Game/StarterContent/Materials/Wallpaper" FILE="../../../../../../Users/Administrator/Documents/GitHub/ColdDawn/Content/StarterContent/Materials/Wallpaper.uasset" SILENT=true
[2021.11.30-03.33.20:307][ 75]LogSavePackage: Moving '../../../../../../Users/Administrator/Documents/GitHub/ColdDawn/Saved/WallpaperA9897F264057002244B90E9DEDCE6F8E.tmp' to '../../../../../../Users/Administrator/Documents/GitHub/ColdDawn/Content/StarterContent/Materials/Wallpaper.uasset'
[2021.11.30-03.33.20:394][ 76]AssetCheck: New page: Asset Save: Wallpaper
[2021.11.30-03.33.20:395][ 76]LogContentValidation: Display: Validating Texture2D /Game/StarterContent/Materials/Wallpaper.Wallpaper
[2021.11.30-03.33.23:387][142]AssetReimport: Importing new asset /Game/StarterContent/Materials/Wallpaper.
[2021.11.30-03.33.30:278][327]BlueprintLog: New page: Compile MainMenu
[2021.11.30-03.33.31:179][327]LogUObjectHash: Compacting FUObjectHashTables data took  55.94ms
[2021.11.30-03.33.32:105][339]Cmd: OBJ SAVEPACKAGE PACKAGE="/Game/ThirdPersonBP/Blueprints/MainMenu" FILE="../../../../../../Users/Administrator/Documents/GitHub/ColdDawn/Content/ThirdPersonBP/Blueprints/MainMenu.uasset" SILENT=true
[2021.11.30-03.33.32:232][339]LogSavePackage: Moving '../../../../../../Users/Administrator/Documents/GitHub/ColdDawn/Saved/MainMenuA39A975846EAB6571C41A4A6790459E8.tmp' to '../../../../../../Users/Administrator/Documents/GitHub/ColdDawn/Content/ThirdPersonBP/Blueprints/MainMenu.uasset'
[2021.11.30-03.33.32:268][339]AssetCheck: New page: Asset Save: MainMenu
[2021.11.30-03.33.32:268][339]LogContentValidation: Display: Validating WidgetBlueprint /Game/ThirdPersonBP/Blueprints/MainMenu.MainMenu
[2021.11.30-03.33.37:807][496]LogSlate: Took 0.002361 seconds to synchronously load lazily loaded font '../../../Engine/Content/Slate/Fonts/Roboto-Italic.ttf' (157K)
[2021.11.30-03.33.44:136][714]LogSlate: Window 'MainMenu' being destroyed
[2021.11.30-03.33.44:164][714]LogSlate: Window 'MainMenu' being destroyed
[2021.11.30-03.33.44:234][714]LogWorld: UWorld::CleanupWorld for World_5, bSessionEnded=true, bCleanupResources=true
[2021.11.30-03.33.44:235][714]LogSlate: InvalidateAllWidgets triggered.  All widgets were invalidated
[2021.11.30-03.33.44:319][714]LogWorld: UWorld::CleanupWorld for World_4, bSessionEnded=true, bCleanupResources=true
[2021.11.30-03.33.44:320][714]LogSlate: InvalidateAllWidgets triggered.  All widgets were invalidated
[2021.11.30-03.33.46:634][783]LogAssetEditorSubsystem: Opening Asset editor for WidgetBlueprint /Game/ThirdPersonBP/Blueprints/Options.Options
[2021.11.30-03.36.21:923][834]LogEditorTransaction: Undo Move Widgets
[2021.11.30-03.37.52:064][540]BlueprintLog: New page: Compile Options
[2021.11.30-03.37.52:444][540]LogUObjectHash: Compacting FUObjectHashTables data took  27.38ms
[2021.11.30-03.37.55:365][649]Cmd: OBJ SAVEPACKAGE PACKAGE="/Game/ThirdPersonBP/Blueprints/Options" FILE="../../../../../../Users/Administrator/Documents/GitHub/ColdDawn/Content/ThirdPersonBP/Blueprints/Options.uasset" SILENT=true
[2021.11.30-03.37.55:451][649]LogSavePackage: Moving '../../../../../../Users/Administrator/Documents/GitHub/ColdDawn/Saved/Options046612744E02197D733AB69533030A2B.tmp' to '../../../../../../Users/Administrator/Documents/GitHub/ColdDawn/Content/ThirdPersonBP/Blueprints/Options.uasset'
[2021.11.30-03.37.55:476][649]AssetCheck: New page: Asset Save: Options
[2021.11.30-03.37.55:476][649]LogContentValidation: Display: Validating WidgetBlueprint /Game/ThirdPersonBP/Blueprints/Options.Options
[2021.11.30-03.40.02:498][790]LogUObjectHash: Compacting FUObjectHashTables data took   4.13ms
[2021.11.30-03.40.02:507][790]LogFileHelpers: Editor autosave (incl. sublevels) for '/Game/ColdDawn/Levels/tutorial_map_v1' took 0.106
[2021.11.30-03.40.02:510][790]OBJ SavePackage: Generating thumbnails for [0] asset(s) in package [/Game/ThirdPersonBP/Blueprints/Options] ([1] browsable assets)...
[2021.11.30-03.40.02:510][790]OBJ SavePackage: Finished generating thumbnails for package [/Game/ThirdPersonBP/Blueprints/Options]
[2021.11.30-03.40.02:569][790]LogSavePackage: Moving '../../../../../../Users/Administrator/Documents/GitHub/ColdDawn/Saved/Options_Auto1B9305E3240731B25FB82EF806C9FA634.tmp' to '../../../../../../Users/Administrator/Documents/GitHub/ColdDawn/Saved/Autosaves/Game/ThirdPersonBP/Blueprints/Options_Auto1.uasset'
[2021.11.30-03.40.02:571][790]LogFileHelpers: Auto-saving content packages took 0.063
[2021.11.30-03.40.36:966][158]BlueprintLog: New page: Compile Options
[2021.11.30-03.40.37:030][158]LogUObjectHash: Compacting FUObjectHashTables data took   4.03ms
[2021.11.30-03.40.49:501][300]Cmd: OBJ SAVEPACKAGE PACKAGE="/Game/ThirdPersonBP/Blueprints/Options" FILE="../../../../../../Users/Administrator/Documents/GitHub/ColdDawn/Content/ThirdPersonBP/Blueprints/Options.uasset" SILENT=true
[2021.11.30-03.40.49:549][300]LogSavePackage: Moving '../../../../../../Users/Administrator/Documents/GitHub/ColdDawn/Saved/Options2050599E470C25CD18AA30825BFA96B4.tmp' to '../../../../../../Users/Administrator/Documents/GitHub/ColdDawn/Content/ThirdPersonBP/Blueprints/Options.uasset'
[2021.11.30-03.40.49:572][300]AssetCheck: New page: Asset Save: Options
[2021.11.30-03.40.49:572][300]LogContentValidation: Display: Validating WidgetBlueprint /Game/ThirdPersonBP/Blueprints/Options.Options
[2021.11.30-03.43.01:714][810]BlueprintLog: New page: Compile Options
[2021.11.30-03.43.01:786][810]LogUObjectHash: Compacting FUObjectHashTables data took   4.07ms
[2021.11.30-03.43.02:430][823]Cmd: OBJ SAVEPACKAGE PACKAGE="/Game/ThirdPersonBP/Blueprints/Options" FILE="../../../../../../Users/Administrator/Documents/GitHub/ColdDawn/Content/ThirdPersonBP/Blueprints/Options.uasset" SILENT=true
[2021.11.30-03.43.02:480][823]LogSavePackage: Moving '../../../../../../Users/Administrator/Documents/GitHub/ColdDawn/Saved/Options42B2BFD745F1525EDF3E2BAF53BAB9AD.tmp' to '../../../../../../Users/Administrator/Documents/GitHub/ColdDawn/Content/ThirdPersonBP/Blueprints/Options.uasset'
[2021.11.30-03.43.02:499][823]AssetCheck: New page: Asset Save: Options
[2021.11.30-03.43.02:499][823]LogContentValidation: Display: Validating WidgetBlueprint /Game/ThirdPersonBP/Blueprints/Options.Options
[2021.11.30-03.44.14:940][664]BlueprintLog: New page: Compile Options
[2021.11.30-03.44.15:003][664]LogUObjectHash: Compacting FUObjectHashTables data took   4.64ms
[2021.11.30-03.44.15:758][689]Cmd: OBJ SAVEPACKAGE PACKAGE="/Game/ThirdPersonBP/Blueprints/Options" FILE="../../../../../../Users/Administrator/Documents/GitHub/ColdDawn/Content/ThirdPersonBP/Blueprints/Options.uasset" SILENT=true
[2021.11.30-03.44.15:804][689]LogSavePackage: Moving '../../../../../../Users/Administrator/Documents/GitHub/ColdDawn/Saved/OptionsB50C765F4FBDB801A59F39B5300E31DE.tmp' to '../../../../../../Users/Administrator/Documents/GitHub/ColdDawn/Content/ThirdPersonBP/Blueprints/Options.uasset'
[2021.11.30-03.44.15:824][689]AssetCheck: New page: Asset Save: Options
[2021.11.30-03.44.15:824][689]LogContentValidation: Display: Validating WidgetBlueprint /Game/ThirdPersonBP/Blueprints/Options.Options
[2021.11.30-03.47.55:118][179]BlueprintLog: New page: Compile Options
[2021.11.30-03.47.55:192][179]LogUObjectHash: Compacting FUObjectHashTables data took   3.48ms
[2021.11.30-03.47.55:653][191]Cmd: OBJ SAVEPACKAGE PACKAGE="/Game/ThirdPersonBP/Blueprints/Options" FILE="../../../../../../Users/Administrator/Documents/GitHub/ColdDawn/Content/ThirdPersonBP/Blueprints/Options.uasset" SILENT=true
[2021.11.30-03.47.55:713][191]LogSavePackage: Moving '../../../../../../Users/Administrator/Documents/GitHub/ColdDawn/Saved/OptionsBC07D882410815C93962A6B3FB2A1A33.tmp' to '../../../../../../Users/Administrator/Documents/GitHub/ColdDawn/Content/ThirdPersonBP/Blueprints/Options.uasset'
[2021.11.30-03.47.55:734][191]AssetCheck: New page: Asset Save: Options
[2021.11.30-03.47.55:734][191]LogContentValidation: Display: Validating WidgetBlueprint /Game/ThirdPersonBP/Blueprints/Options.Options
[2021.11.30-03.48.51:812][543]LogSlate: Window 'Options' being destroyed
[2021.11.30-03.48.51:836][543]LogSlate: Window 'Options' being destroyed
[2021.11.30-03.48.51:944][543]LogWorld: UWorld::CleanupWorld for World_8, bSessionEnded=true, bCleanupResources=true
[2021.11.30-03.48.51:944][543]LogSlate: InvalidateAllWidgets triggered.  All widgets were invalidated
[2021.11.30-03.48.52:015][543]LogWorld: UWorld::CleanupWorld for World_7, bSessionEnded=true, bCleanupResources=true
[2021.11.30-03.48.52:015][543]LogSlate: InvalidateAllWidgets triggered.  All widgets were invalidated
