Log file open, 12/12/21 00:41:17
LogInit: Display: Running engine for game: ColdDawn
LogPlatformFile: Not using cached read wrapper
LogTaskGraph: Started task graph with 5 named threads and 35 total threads with 3 sets of task threads.
LogStats: Stats thread started at 0.211762
LogD3D11RHI: Loaded GFSDK_Aftermath_Lib.x64.dll
LogICUInternationalization: ICU TimeZone Detection - Raw Offset: -8:00, Platform Override: ''
LogPluginManager: Mounting plugin Paper2D
LogPluginManager: Mounting plugin AISupport
LogPluginManager: Mounting plugin LightPropagationVolume
LogPluginManager: Mounting plugin CameraShakePreviewer
LogPluginManager: Mounting plugin ActorLayerUtilities
LogPluginManager: Mounting plugin AnimationSharing
LogPluginManager: Mounting plugin CLionSourceCodeAccess
LogPluginManager: Mounting plugin CodeLiteSourceCodeAccess
LogPluginManager: Mounting plugin GitSourceControl
LogPluginManager: Mounting plugin KDevelopSourceCodeAccess
LogPluginManager: Mounting plugin NullSourceCodeAccess
LogPluginManager: Mounting plugin PerforceSourceControl
LogPluginManager: Mounting plugin PlasticSourceControl
LogPluginManager: Mounting plugin RiderSourceCodeAccess
LogPluginManager: Mounting plugin SubversionSourceControl
LogPluginManager: Mounting plugin UObjectPlugin
LogPluginManager: Mounting plugin VisualStudioCodeSourceCodeAccess
LogPluginManager: Mounting plugin VisualStudioSourceCodeAccess
LogPluginManager: Mounting plugin XCodeSourceCodeAccess
LogPluginManager: Mounting plugin AssetManagerEditor
LogPluginManager: Mounting plugin CryptoKeys
LogPluginManager: Mounting plugin CurveEditorTools
LogPluginManager: Mounting plugin DataValidation
LogPluginManager: Mounting plugin EditorScriptingUtilities
LogPluginManager: Mounting plugin FacialAnimation
LogPluginManager: Mounting plugin GameplayTagsEditor
LogPluginManager: Mounting plugin GeometryMode
LogPluginManager: Mounting plugin MacGraphicsSwitching
LogPluginManager: Mounting plugin MaterialAnalyzer
LogPluginManager: Mounting plugin MobileLauncherProfileWizard
LogPluginManager: Mounting plugin PluginBrowser
LogPluginManager: Mounting plugin SpeedTreeImporter
LogPluginManager: Mounting plugin DatasmithContent
LogPluginManager: Mounting plugin VariantManagerContent
LogPluginManager: Mounting plugin AlembicImporter
LogPluginManager: Mounting plugin AutomationUtils
LogPluginManager: Mounting plugin BackChannel
LogPluginManager: Mounting plugin ChaosCloth
LogPluginManager: Mounting plugin ChaosClothEditor
LogPluginManager: Mounting plugin ChaosEditor
LogPluginManager: Mounting plugin ChaosNiagara
LogPluginManager: Mounting plugin ChaosSolverPlugin
LogPluginManager: Mounting plugin CharacterAI
LogPluginManager: Mounting plugin GeometryCache
LogPluginManager: Mounting plugin GeometryCollectionPlugin
LogPluginManager: Mounting plugin GeometryProcessing
LogPluginManager: Mounting plugin PlanarCut
LogPluginManager: Mounting plugin PlatformCrypto
LogPluginManager: Mounting plugin ProxyLODPlugin
LogPluginManager: Mounting plugin SkeletalReduction
LogPluginManager: Mounting plugin Niagara
LogPluginManager: Mounting plugin MagicLeap
LogPluginManager: Mounting plugin MagicLeapLightEstimation
LogPluginManager: Mounting plugin MagicLeapMedia
LogPluginManager: Mounting plugin MagicLeapPassableWorld
LogPluginManager: Mounting plugin MLSDK
LogPluginManager: Mounting plugin AndroidMedia
LogPluginManager: Mounting plugin AvfMedia
LogPluginManager: Mounting plugin ImgMedia
LogPluginManager: Mounting plugin MediaCompositing
LogPluginManager: Mounting plugin MediaPlayerEditor
LogPluginManager: Mounting plugin WebMMedia
LogPluginManager: Mounting plugin WmfMedia
LogPluginManager: Mounting plugin MeshPainting
LogPluginManager: Mounting plugin TcpMessaging
LogPluginManager: Mounting plugin UdpMessaging
LogPluginManager: Mounting plugin ActorSequence
LogPluginManager: Mounting plugin LevelSequenceEditor
LogPluginManager: Mounting plugin MatineeToLevelSequence
LogPluginManager: Mounting plugin MovieRenderPipeline
LogPluginManager: Mounting plugin TemplateSequence
LogPluginManager: Mounting plugin NetcodeUnitTest
LogPluginManager: Mounting plugin NUTUnrealEngine4
LogPluginManager: Mounting plugin OnlineSubsystemGooglePlay
LogPluginManager: Mounting plugin OnlineSubsystemIOS
LogPluginManager: Mounting plugin OnlineSubsystem
LogPluginManager: Mounting plugin OnlineSubsystemNull
LogPluginManager: Mounting plugin OnlineSubsystemUtils
LogPluginManager: Mounting plugin LauncherChunkInstaller
LogPluginManager: Mounting plugin AndroidDeviceProfileSelector
LogPluginManager: Mounting plugin AndroidMoviePlayer
LogPluginManager: Mounting plugin AndroidPermission
LogPluginManager: Mounting plugin AppleImageUtils
LogPluginManager: Mounting plugin AppleMoviePlayer
LogPluginManager: Mounting plugin ArchVisCharacter
LogPluginManager: Mounting plugin AssetTags
LogPluginManager: Mounting plugin AudioCapture
LogPluginManager: Mounting plugin CableComponent
LogPluginManager: Mounting plugin CustomMeshComponent
LogPluginManager: Mounting plugin EditableMesh
LogPluginManager: Mounting plugin ExampleDeviceProfileSelector
LogPluginManager: Mounting plugin GoogleCloudMessaging
LogPluginManager: Mounting plugin GooglePAD
LogPluginManager: Mounting plugin IOSDeviceProfileSelector
LogPluginManager: Mounting plugin LinuxDeviceProfileSelector
LogPluginManager: Mounting plugin LocationServicesBPLibrary
LogPluginManager: Mounting plugin MobilePatchingUtils
LogPluginManager: Mounting plugin OculusVR
LogPluginManager: Mounting plugin PhysXVehicles
LogPluginManager: Mounting plugin PostSplashScreen
LogPluginManager: Mounting plugin ProceduralMeshComponent
LogPluginManager: Mounting plugin RuntimePhysXCooking
LogPluginManager: Mounting plugin SignificanceManager
LogPluginManager: Mounting plugin SoundFields
LogPluginManager: Mounting plugin SteamVR
LogPluginManager: Mounting plugin Synthesis
LogPluginManager: Mounting plugin WebMMoviePlayer
LogPluginManager: Mounting plugin WindowsMoviePlayer
LogPluginManager: Mounting plugin ScreenshotTools
LogInit: Using libcurl 7.55.1-DEV
LogInit:  - built for x86_64-pc-win32
LogInit:  - supports SSL with OpenSSL/1.1.1
LogInit:  - supports HTTP deflate (compression) using libz 1.2.8
LogInit:  - other features:
LogInit:      CURL_VERSION_SSL
LogInit:      CURL_VERSION_LIBZ
LogInit:      CURL_VERSION_IPV6
LogInit:      CURL_VERSION_ASYNCHDNS
LogInit:      CURL_VERSION_LARGEFILE
LogInit:      CURL_VERSION_IDN
LogInit:  CurlRequestOptions (configurable via config and command line):
LogInit:  - bVerifyPeer = true  - Libcurl will verify peer certificate
LogInit:  - bUseHttpProxy = false  - Libcurl will NOT use HTTP proxy
LogInit:  - bDontReuseConnections = false  - Libcurl will reuse connections
LogInit:  - MaxHostConnections = 16  - Libcurl will limit the number of connections to a host
LogInit:  - LocalHostAddr = Default
LogInit:  - BufferSize = 65536
LogOnline: OSS: Creating online subsystem instance for: NULL
LogInit: WinSock: version 1.1 (2.2), MaxSocks=32767, MaxUdp=65467
LogOnline: OSS: TryLoadSubsystemAndSetDefault: Loaded subsystem for module [NULL]
LogInit: Build: ++UE4+Release-4.25-CL-14469661
LogInit: Engine Version: 4.25.4-14469661+++UE4+Release-4.25
LogInit: Compatible Engine Version: 4.25.0-13144385+++UE4+Release-4.25
LogInit: Net CL: 13144385
LogInit: OS: Windows 10 (Release 2009) (), CPU: AMD Ryzen 5 3600 6-Core Processor              , GPU: NVIDIA GeForce RTX 3070 Ti
LogInit: Compiled (64-bit): Oct 11 2020 08:10:49
LogInit: Compiled with Visual C++: 19.24.28315.00
LogInit: Build Configuration: Development
LogInit: Branch Name: ++UE4+Release-4.25
LogInit: Command Line:  /Game/ColdDawn/Levels/Factory -game -PIEVIACONSOLE -Multiprocess GameUserSettingsINI=../../../projects/ColdDawn/Saved/Config/Windows/PIEGameUserSettings0.ini -MultiprocessSaveConfig -MultiprocessOSS -messaging -SessionName="Play in Standalone Game" -windowed -ResX=1280 -ResY=720
LogInit: Base Directory: E:/UE_4.25/Engine/Binaries/Win64/
LogInit: Allocator: TBB
LogInit: Installed Engine Build: 1
LogDevObjectVersion: Number of dev versions registered: 26
LogDevObjectVersion:   Dev-Blueprints (B0D832E4-1F89-4F0D-ACCF-7EB736FD4AA2): 10
LogDevObjectVersion:   Dev-Build (E1C64328-A22C-4D53-A36C-8E866417BD8C): 0
LogDevObjectVersion:   Dev-Core (375EC13C-06E4-48FB-B500-84F0262A717E): 4
LogDevObjectVersion:   Dev-Editor (E4B068ED-F494-42E9-A231-DA0B2E46BB41): 38
LogDevObjectVersion:   Dev-Framework (CFFC743F-43B0-4480-9391-14DF171D2073): 37
LogDevObjectVersion:   Dev-Mobile (B02B49B5-BB20-44E9-A304-32B752E40360): 2
LogDevObjectVersion:   Dev-Networking (A4E4105C-59A1-49B5-A7C5-40C4547EDFEE): 0
LogDevObjectVersion:   Dev-Online (39C831C9-5AE6-47DC-9A44-9C173E1C8E7C): 0
LogDevObjectVersion:   Dev-Physics (78F01B33-EBEA-4F98-B9B4-84EACCB95AA2): 4
LogDevObjectVersion:   Dev-Platform (6631380F-2D4D-43E0-8009-CF276956A95A): 0
LogDevObjectVersion:   Dev-Rendering (12F88B9F-8875-4AFC-A67C-D90C383ABD29): 43
LogDevObjectVersion:   Dev-Sequencer (7B5AE74C-D270-4C10-A958-57980B212A5A): 12
LogDevObjectVersion:   Dev-VR (D7296918-1DD6-4BDD-9DE2-64A83CC13884): 3
LogDevObjectVersion:   Dev-LoadTimes (C2A15278-BFE7-4AFE-6C17-90FF531DF755): 1
LogDevObjectVersion:   Private-Geometry (6EACA3D4-40EC-4CC1-B786-8BED09428FC5): 3
LogDevObjectVersion:   Dev-AnimPhys (29E575DD-E0A3-4627-9D10-D276232CDCEA): 17
LogDevObjectVersion:   Dev-Anim (AF43A65D-7FD3-4947-9873-3E8ED9C1BB05): 7
LogDevObjectVersion:   Dev-ReflectionCapture (6B266CEC-1EC7-4B8F-A30B-E4D90942FC07): 1
LogDevObjectVersion:   Dev-Automation (0DF73D61-A23F-47EA-B727-89E90C41499A): 1
LogDevObjectVersion:   FortniteMain (601D1886-AC64-4F84-AA16-D3DE0DEAC7D6): 31
LogDevObjectVersion:   Dev-Enterprise (9DFFBCD6-494F-0158-E221-12823C92A888): 10
LogDevObjectVersion:   Dev-Niagara (F2AED0AC-9AFE-416F-8664-AA7FFA26D6FC): 1
LogDevObjectVersion:   Dev-Destruction (174F1F0B-B4C6-45A5-B13F-2EE8D0FB917D): 10
LogDevObjectVersion:   Dev-Physics-Ext (35F94A83-E258-406C-A318-09F59610247C): 37
LogDevObjectVersion:   Dev-PhysicsMaterial-Chaos (B68FC16E-8B1B-42E2-B453-215C058844FE): 1
LogDevObjectVersion:   Dev-CineCamera (B2E18506-4273-CFC2-A54E-F4BB758BBA07): 1
LogInit: Presizing for max 25165824 objects, including 0 objects not considered by GC, pre-allocating 0 bytes for permanent pool.
LogConfig: Applying CVar settings from Section [/Script/Engine.StreamingSettings] File [../../../projects/ColdDawn/Saved/Config/Windows/Engine.ini]
LogConfig: Setting CVar [[s.MinBulkDataSizeForAsyncLoading:131072]]
LogConfig: Setting CVar [[s.AsyncLoadingThreadEnabled:0]]
LogConfig: Setting CVar [[s.EventDrivenLoaderEnabled:1]]
LogConfig: Setting CVar [[s.WarnIfTimeLimitExceeded:0]]
LogConfig: Setting CVar [[s.TimeLimitExceededMultiplier:1.5]]
LogConfig: Setting CVar [[s.TimeLimitExceededMinTime:0.005]]
LogConfig: Setting CVar [[s.UseBackgroundLevelStreaming:1]]
LogConfig: Setting CVar [[s.PriorityAsyncLoadingExtraTime:15.0]]
LogConfig: Setting CVar [[s.LevelStreamingActorsUpdateTimeLimit:5.0]]
LogConfig: Setting CVar [[s.PriorityLevelStreamingActorsUpdateExtraTime:5.0]]
LogConfig: Setting CVar [[s.LevelStreamingComponentsRegistrationGranularity:10]]
LogConfig: Setting CVar [[s.UnregisterComponentsTimeLimit:1.0]]
LogConfig: Setting CVar [[s.LevelStreamingComponentsUnregistrationGranularity:5]]
LogConfig: Setting CVar [[s.FlushStreamingOnExit:1]]
LogInit: Object subsystem initialized
LogConfig: Setting CVar [[con.DebugEarlyDefault:1]]
LogConfig: Setting CVar [[r.setres:1280x720]]
[2021.12.12-08.41.17:682][  0]LogConfig: Setting CVar [[con.DebugEarlyDefault:1]]
[2021.12.12-08.41.17:682][  0]LogConfig: Setting CVar [[r.setres:1280x720]]
[2021.12.12-08.41.17:682][  0]LogConfig: Applying CVar settings from Section [/Script/Engine.RendererSettings] File [../../../projects/ColdDawn/Saved/Config/Windows/Engine.ini]
[2021.12.12-08.41.17:682][  0]LogConfig: Setting CVar [[r.GPUCrashDebugging:0]]
[2021.12.12-08.41.17:682][  0]LogConfig: Applying CVar settings from Section [/Script/Engine.RendererOverrideSettings] File [../../../projects/ColdDawn/Saved/Config/Windows/Engine.ini]
[2021.12.12-08.41.17:682][  0]LogConfig: Applying CVar settings from Section [/Script/Engine.StreamingSettings] File [../../../projects/ColdDawn/Saved/Config/Windows/Engine.ini]
[2021.12.12-08.41.17:682][  0]LogConfig: Setting CVar [[s.MinBulkDataSizeForAsyncLoading:131072]]
[2021.12.12-08.41.17:682][  0]LogConfig: Setting CVar [[s.AsyncLoadingThreadEnabled:0]]
[2021.12.12-08.41.17:682][  0]LogConfig: Setting CVar [[s.EventDrivenLoaderEnabled:1]]
[2021.12.12-08.41.17:682][  0]LogConfig: Setting CVar [[s.WarnIfTimeLimitExceeded:0]]
[2021.12.12-08.41.17:682][  0]LogConfig: Setting CVar [[s.TimeLimitExceededMultiplier:1.5]]
[2021.12.12-08.41.17:682][  0]LogConfig: Setting CVar [[s.TimeLimitExceededMinTime:0.005]]
[2021.12.12-08.41.17:682][  0]LogConfig: Setting CVar [[s.UseBackgroundLevelStreaming:1]]
[2021.12.12-08.41.17:682][  0]LogConfig: Setting CVar [[s.PriorityAsyncLoadingExtraTime:15.0]]
[2021.12.12-08.41.17:682][  0]LogConfig: Setting CVar [[s.LevelStreamingActorsUpdateTimeLimit:5.0]]
[2021.12.12-08.41.17:682][  0]LogConfig: Setting CVar [[s.PriorityLevelStreamingActorsUpdateExtraTime:5.0]]
[2021.12.12-08.41.17:682][  0]LogConfig: Setting CVar [[s.LevelStreamingComponentsRegistrationGranularity:10]]
[2021.12.12-08.41.17:682][  0]LogConfig: Setting CVar [[s.UnregisterComponentsTimeLimit:1.0]]
[2021.12.12-08.41.17:682][  0]LogConfig: Setting CVar [[s.LevelStreamingComponentsUnregistrationGranularity:5]]
[2021.12.12-08.41.17:683][  0]LogConfig: Setting CVar [[s.FlushStreamingOnExit:1]]
[2021.12.12-08.41.17:683][  0]LogConfig: Applying CVar settings from Section [/Script/Engine.GarbageCollectionSettings] File [../../../projects/ColdDawn/Saved/Config/Windows/Engine.ini]
[2021.12.12-08.41.17:683][  0]LogConfig: Setting CVar [[gc.MaxObjectsNotConsideredByGC:1]]
[2021.12.12-08.41.17:683][  0]LogConfig: Setting CVar [[gc.SizeOfPermanentObjectPool:0]]
[2021.12.12-08.41.17:683][  0]LogConfig: Setting CVar [[gc.FlushStreamingOnGC:0]]
[2021.12.12-08.41.17:683][  0]LogConfig: Setting CVar [[gc.NumRetriesBeforeForcingGC:10]]
[2021.12.12-08.41.17:683][  0]LogConfig: Setting CVar [[gc.AllowParallelGC:1]]
[2021.12.12-08.41.17:683][  0]LogConfig: Setting CVar [[gc.TimeBetweenPurgingPendingKillObjects:61.1]]
[2021.12.12-08.41.17:683][  0]LogConfig: Setting CVar [[gc.MaxObjectsInEditor:25165824]]
[2021.12.12-08.41.17:683][  0]LogConfig: Setting CVar [[gc.IncrementalBeginDestroyEnabled:1]]
[2021.12.12-08.41.17:683][  0]LogConfig: Setting CVar [[gc.CreateGCClusters:1]]
[2021.12.12-08.41.17:683][  0]LogConfig: Setting CVar [[gc.MinGCClusterSize:5]]
[2021.12.12-08.41.17:683][  0]LogConfig: Setting CVar [[gc.ActorClusteringEnabled:0]]
[2021.12.12-08.41.17:683][  0]LogConfig: Setting CVar [[gc.BlueprintClusteringEnabled:0]]
[2021.12.12-08.41.17:683][  0]LogConfig: Setting CVar [[gc.UseDisregardForGCOnDedicatedServers:0]]
[2021.12.12-08.41.17:683][  0]LogConfig: Applying CVar settings from Section [/Script/Engine.NetworkSettings] File [../../../projects/ColdDawn/Saved/Config/Windows/Engine.ini]
[2021.12.12-08.41.17:683][  0]LogConfig: Applying CVar settings from Section [/Script/UnrealEd.CookerSettings] File [../../../projects/ColdDawn/Saved/Config/Windows/Engine.ini]
[2021.12.12-08.41.17:687][  0]LogConfig: Applying CVar settings from Section [ViewDistanceQuality@3] File [../../../projects/ColdDawn/Saved/Config/Windows/Scalability.ini]
[2021.12.12-08.41.17:687][  0]LogConfig: Setting CVar [[r.SkeletalMeshLODBias:0]]
[2021.12.12-08.41.17:687][  0]LogConfig: Setting CVar [[r.ViewDistanceScale:1.0]]
[2021.12.12-08.41.17:687][  0]LogConfig: Applying CVar settings from Section [AntiAliasingQuality@3] File [../../../projects/ColdDawn/Saved/Config/Windows/Scalability.ini]
[2021.12.12-08.41.17:687][  0]LogConfig: Setting CVar [[r.PostProcessAAQuality:4]]
[2021.12.12-08.41.17:687][  0]LogConfig: Applying CVar settings from Section [ShadowQuality@3] File [../../../projects/ColdDawn/Saved/Config/Windows/Scalability.ini]
[2021.12.12-08.41.17:687][  0]LogConfig: Setting CVar [[r.LightFunctionQuality:1]]
[2021.12.12-08.41.17:687][  0]LogConfig: Setting CVar [[r.ShadowQuality:5]]
[2021.12.12-08.41.17:687][  0]LogConfig: Setting CVar [[r.Shadow.CSM.MaxCascades:10]]
[2021.12.12-08.41.17:687][  0]LogConfig: Setting CVar [[r.Shadow.MaxResolution:2048]]
[2021.12.12-08.41.17:687][  0]LogConfig: Setting CVar [[r.Shadow.MaxCSMResolution:2048]]
[2021.12.12-08.41.17:687][  0]LogConfig: Setting CVar [[r.Shadow.RadiusThreshold:0.01]]
[2021.12.12-08.41.17:687][  0]LogConfig: Setting CVar [[r.Shadow.DistanceScale:1.0]]
[2021.12.12-08.41.17:687][  0]LogConfig: Setting CVar [[r.Shadow.CSM.TransitionScale:1.0]]
[2021.12.12-08.41.17:687][  0]LogConfig: Setting CVar [[r.Shadow.PreShadowResolutionFactor:1.0]]
[2021.12.12-08.41.17:687][  0]LogConfig: Setting CVar [[r.DistanceFieldShadowing:1]]
[2021.12.12-08.41.17:687][  0]LogConfig: Setting CVar [[r.DistanceFieldAO:1]]
[2021.12.12-08.41.17:688][  0]LogConfig: Setting CVar [[r.AOQuality:2]]
[2021.12.12-08.41.17:688][  0]LogConfig: Setting CVar [[r.VolumetricFog:1]]
[2021.12.12-08.41.17:688][  0]LogConfig: Setting CVar [[r.VolumetricFog.GridPixelSize:8]]
[2021.12.12-08.41.17:688][  0]LogConfig: Setting CVar [[r.VolumetricFog.GridSizeZ:128]]
[2021.12.12-08.41.17:688][  0]LogConfig: Setting CVar [[r.VolumetricFog.HistoryMissSupersampleCount:4]]
[2021.12.12-08.41.17:688][  0]LogConfig: Setting CVar [[r.LightMaxDrawDistanceScale:1]]
[2021.12.12-08.41.17:688][  0]LogConfig: Setting CVar [[r.CapsuleShadows:1]]
[2021.12.12-08.41.17:688][  0]LogConfig: Applying CVar settings from Section [PostProcessQuality@3] File [../../../projects/ColdDawn/Saved/Config/Windows/Scalability.ini]
[2021.12.12-08.41.17:688][  0]LogConfig: Setting CVar [[r.MotionBlurQuality:4]]
[2021.12.12-08.41.17:688][  0]LogConfig: Setting CVar [[r.AmbientOcclusionMipLevelFactor:0.4]]
[2021.12.12-08.41.17:688][  0]LogConfig: Setting CVar [[r.AmbientOcclusionMaxQuality:100]]
[2021.12.12-08.41.17:688][  0]LogConfig: Setting CVar [[r.AmbientOcclusionLevels:-1]]
[2021.12.12-08.41.17:688][  0]LogConfig: Setting CVar [[r.AmbientOcclusionRadiusScale:1.0]]
[2021.12.12-08.41.17:688][  0]LogConfig: Setting CVar [[r.DepthOfFieldQuality:2]]
[2021.12.12-08.41.17:688][  0]LogConfig: Setting CVar [[r.RenderTargetPoolMin:400]]
[2021.12.12-08.41.17:688][  0]LogConfig: Setting CVar [[r.LensFlareQuality:2]]
[2021.12.12-08.41.17:688][  0]LogConfig: Setting CVar [[r.SceneColorFringeQuality:1]]
[2021.12.12-08.41.17:688][  0]LogConfig: Setting CVar [[r.EyeAdaptationQuality:2]]
[2021.12.12-08.41.17:688][  0]LogConfig: Setting CVar [[r.BloomQuality:5]]
[2021.12.12-08.41.17:688][  0]LogConfig: Setting CVar [[r.FastBlurThreshold:100]]
[2021.12.12-08.41.17:688][  0]LogConfig: Setting CVar [[r.Upscale.Quality:3]]
[2021.12.12-08.41.17:688][  0]LogConfig: Setting CVar [[r.Tonemapper.GrainQuantization:1]]
[2021.12.12-08.41.17:688][  0]LogConfig: Setting CVar [[r.LightShaftQuality:1]]
[2021.12.12-08.41.17:688][  0]LogConfig: Setting CVar [[r.Filter.SizeScale:1]]
[2021.12.12-08.41.17:688][  0]LogConfig: Setting CVar [[r.Tonemapper.Quality:5]]
[2021.12.12-08.41.17:688][  0]LogConfig: Setting CVar [[r.DOF.Gather.AccumulatorQuality:1        ; higher gathering accumulator quality]]
[2021.12.12-08.41.17:688][  0]LogConfig: Setting CVar [[r.DOF.Gather.PostfilterMethod:1          ; Median3x3 postfilering method]]
[2021.12.12-08.41.17:688][  0]LogConfig: Setting CVar [[r.DOF.Gather.EnableBokehSettings:0       ; no bokeh simulation when gathering]]
[2021.12.12-08.41.17:688][  0]LogConfig: Setting CVar [[r.DOF.Gather.RingCount:4                 ; medium number of samples when gathering]]
[2021.12.12-08.41.17:688][  0]LogConfig: Setting CVar [[r.DOF.Scatter.ForegroundCompositing:1    ; additive foreground scattering]]
[2021.12.12-08.41.17:688][  0]LogConfig: Setting CVar [[r.DOF.Scatter.BackgroundCompositing:2    ; additive background scattering]]
[2021.12.12-08.41.17:688][  0]LogConfig: Setting CVar [[r.DOF.Scatter.EnableBokehSettings:1      ; bokeh simulation when scattering]]
[2021.12.12-08.41.17:688][  0]LogConfig: Setting CVar [[r.DOF.Scatter.MaxSpriteRatio:0.1         ; only a maximum of 10% of scattered bokeh]]
[2021.12.12-08.41.17:688][  0]LogConfig: Setting CVar [[r.DOF.Recombine.Quality:1                ; cheap slight out of focus]]
[2021.12.12-08.41.17:688][  0]LogConfig: Setting CVar [[r.DOF.Recombine.EnableBokehSettings:0    ; no bokeh simulation on slight out of focus]]
[2021.12.12-08.41.17:688][  0]LogConfig: Setting CVar [[r.DOF.TemporalAAQuality:1                ; more stable temporal accumulation]]
[2021.12.12-08.41.17:688][  0]LogConfig: Setting CVar [[r.DOF.Kernel.MaxForegroundRadius:0.025]]
[2021.12.12-08.41.17:688][  0]LogConfig: Setting CVar [[r.DOF.Kernel.MaxBackgroundRadius:0.025]]
[2021.12.12-08.41.17:688][  0]LogConfig: Applying CVar settings from Section [TextureQuality@3] File [../../../projects/ColdDawn/Saved/Config/Windows/Scalability.ini]
[2021.12.12-08.41.17:688][  0]LogConfig: Setting CVar [[r.Streaming.MipBias:0]]
[2021.12.12-08.41.17:688][  0]LogConfig: Setting CVar [[r.Streaming.AmortizeCPUToGPUCopy:0]]
[2021.12.12-08.41.17:688][  0]LogConfig: Setting CVar [[r.Streaming.MaxNumTexturesToStreamPerFrame:0]]
[2021.12.12-08.41.17:688][  0]LogConfig: Setting CVar [[r.Streaming.Boost:1]]
[2021.12.12-08.41.17:688][  0]LogConfig: Setting CVar [[r.MaxAnisotropy:8]]
[2021.12.12-08.41.17:688][  0]LogConfig: Setting CVar [[r.VT.MaxAnisotropy:8]]
[2021.12.12-08.41.17:688][  0]LogConfig: Setting CVar [[r.Streaming.LimitPoolSizeToVRAM:0]]
[2021.12.12-08.41.17:688][  0]LogConfig: Setting CVar [[r.Streaming.PoolSize:1000]]
[2021.12.12-08.41.17:688][  0]LogConfig: Setting CVar [[r.Streaming.MaxEffectiveScreenSize:0]]
[2021.12.12-08.41.17:688][  0]LogConfig: Applying CVar settings from Section [EffectsQuality@3] File [../../../projects/ColdDawn/Saved/Config/Windows/Scalability.ini]
[2021.12.12-08.41.17:688][  0]LogConfig: Setting CVar [[r.TranslucencyLightingVolumeDim:64]]
[2021.12.12-08.41.17:688][  0]LogConfig: Setting CVar [[r.RefractionQuality:2]]
[2021.12.12-08.41.17:688][  0]LogConfig: Setting CVar [[r.SSR.Quality:3]]
[2021.12.12-08.41.17:688][  0]LogConfig: Setting CVar [[r.SSR.HalfResSceneColor:0]]
[2021.12.12-08.41.17:688][  0]LogConfig: Setting CVar [[r.SceneColorFormat:4]]
[2021.12.12-08.41.17:688][  0]LogConfig: Setting CVar [[r.DetailMode:2]]
[2021.12.12-08.41.17:688][  0]LogConfig: Setting CVar [[r.TranslucencyVolumeBlur:1]]
[2021.12.12-08.41.17:688][  0]LogConfig: Setting CVar [[r.MaterialQualityLevel:1 ; High quality]]
[2021.12.12-08.41.17:688][  0]LogConfig: Setting CVar [[r.SSS.Scale:1]]
[2021.12.12-08.41.17:688][  0]LogConfig: Setting CVar [[r.SSS.SampleSet:2]]
[2021.12.12-08.41.17:688][  0]LogConfig: Setting CVar [[r.SSS.Quality:1]]
[2021.12.12-08.41.17:688][  0]LogConfig: Setting CVar [[r.SSS.HalfRes:0]]
[2021.12.12-08.41.17:688][  0]LogConfig: Setting CVar [[r.SSGI.Quality:3]]
[2021.12.12-08.41.17:688][  0]LogConfig: Setting CVar [[r.EmitterSpawnRateScale:1.0]]
[2021.12.12-08.41.17:688][  0]LogConfig: Setting CVar [[r.ParticleLightQuality:2]]
[2021.12.12-08.41.17:688][  0]LogConfig: Setting CVar [[r.SkyAtmosphere.AerialPerspectiveLUT.FastApplyOnOpaque:1 ; Always have FastSkyLUT 1 in this case to avoid wrong sky]]
[2021.12.12-08.41.17:688][  0]LogConfig: Setting CVar [[r.SkyAtmosphere.AerialPerspectiveLUT.SampleCountPerSlice:1]]
[2021.12.12-08.41.17:688][  0]LogConfig: Setting CVar [[r.SkyAtmosphere.AerialPerspectiveLUT.DepthResolution:16.0]]
[2021.12.12-08.41.17:688][  0]LogConfig: Setting CVar [[r.SkyAtmosphere.FastSkyLUT:1]]
[2021.12.12-08.41.17:688][  0]LogConfig: Setting CVar [[r.SkyAtmosphere.FastSkyLUT.SampleCountMin:4.0]]
[2021.12.12-08.41.17:688][  0]LogConfig: Setting CVar [[r.SkyAtmosphere.FastSkyLUT.SampleCountMax:32.0]]
[2021.12.12-08.41.17:688][  0]LogConfig: Setting CVar [[r.SkyAtmosphere.SampleCountMin:4.0]]
[2021.12.12-08.41.17:688][  0]LogConfig: Setting CVar [[r.SkyAtmosphere.SampleCountMax:32.0]]
[2021.12.12-08.41.17:688][  0]LogConfig: Setting CVar [[r.SkyAtmosphere.TransmittanceLUT.UseSmallFormat:0]]
[2021.12.12-08.41.17:688][  0]LogConfig: Setting CVar [[r.SkyAtmosphere.TransmittanceLUT.SampleCount:10.0]]
[2021.12.12-08.41.17:688][  0]LogConfig: Setting CVar [[r.SkyAtmosphere.MultiScatteringLUT.SampleCount:15.0]]
[2021.12.12-08.41.17:688][  0]LogConfig: Applying CVar settings from Section [FoliageQuality@3] File [../../../projects/ColdDawn/Saved/Config/Windows/Scalability.ini]
[2021.12.12-08.41.17:688][  0]LogConfig: Setting CVar [[foliage.DensityScale:1.0]]
[2021.12.12-08.41.17:688][  0]LogConfig: Setting CVar [[grass.DensityScale:1.0]]
[2021.12.12-08.41.17:688][  0]LogConfig: Applying CVar settings from Section [ShadingQuality@3] File [../../../projects/ColdDawn/Saved/Config/Windows/Scalability.ini]
[2021.12.12-08.41.17:688][  0]LogConfig: Setting CVar [[r.HairStrands.SkyLighting.SampleCount:16]]
[2021.12.12-08.41.17:688][  0]LogConfig: Setting CVar [[r.HairStrands.SkyLighting.JitterIntegration:0]]
[2021.12.12-08.41.17:688][  0]LogConfig: Setting CVar [[r.HairStrands.SkyAO.SampleCount:16]]
[2021.12.12-08.41.17:688][  0]LogConfig: Setting CVar [[r.HairStrands.DeepShadow.SuperSampling:0]]
[2021.12.12-08.41.17:688][  0]LogConfig: Setting CVar [[r.HairStrands.VisibilityPPLL:0]]
[2021.12.12-08.41.17:688][  0]LogConfig: Setting CVar [[r.HairStrands.RasterizationScale:0.5]]
[2021.12.12-08.41.17:688][  0]LogConfig: Setting CVar [[r.HairStrands.VelocityRasterizationScale:1]]
[2021.12.12-08.41.17:689][  0]LogInit: Selected Device Profile: [Windows]
[2021.12.12-08.41.17:689][  0]LogInit: Applying CVar settings loaded from the selected device profile: [Windows]
[2021.12.12-08.41.17:689][  0]LogHAL: Display: Platform has ~ 32 GB [34240229376 / 34359738368 / 32], which maps to Largest [LargestMinGB=32, LargerMinGB=12, DefaultMinGB=8, SmallerMinGB=6, SmallestMinGB=0)
[2021.12.12-08.41.17:689][  0]LogInit: Going up to parent DeviceProfile []
[2021.12.12-08.41.17:689][  0]LogConfig: Applying CVar settings from Section [ViewDistanceQuality@3] File [../../../projects/ColdDawn/Saved/Config/Windows/Scalability.ini]
[2021.12.12-08.41.17:689][  0]LogConfig: Setting CVar [[r.SkeletalMeshLODBias:0]]
[2021.12.12-08.41.17:689][  0]LogConfig: Setting CVar [[r.ViewDistanceScale:1.0]]
[2021.12.12-08.41.17:689][  0]LogConfig: Applying CVar settings from Section [AntiAliasingQuality@3] File [../../../projects/ColdDawn/Saved/Config/Windows/Scalability.ini]
[2021.12.12-08.41.17:689][  0]LogConfig: Setting CVar [[r.PostProcessAAQuality:4]]
[2021.12.12-08.41.17:689][  0]LogConfig: Applying CVar settings from Section [ShadowQuality@3] File [../../../projects/ColdDawn/Saved/Config/Windows/Scalability.ini]
[2021.12.12-08.41.17:689][  0]LogConfig: Setting CVar [[r.LightFunctionQuality:1]]
[2021.12.12-08.41.17:689][  0]LogConfig: Setting CVar [[r.ShadowQuality:5]]
[2021.12.12-08.41.17:689][  0]LogConfig: Setting CVar [[r.Shadow.CSM.MaxCascades:10]]
[2021.12.12-08.41.17:689][  0]LogConfig: Setting CVar [[r.Shadow.MaxResolution:2048]]
[2021.12.12-08.41.17:689][  0]LogConfig: Setting CVar [[r.Shadow.MaxCSMResolution:2048]]
[2021.12.12-08.41.17:689][  0]LogConfig: Setting CVar [[r.Shadow.RadiusThreshold:0.01]]
[2021.12.12-08.41.17:689][  0]LogConfig: Setting CVar [[r.Shadow.DistanceScale:1.0]]
[2021.12.12-08.41.17:689][  0]LogConfig: Setting CVar [[r.Shadow.CSM.TransitionScale:1.0]]
[2021.12.12-08.41.17:689][  0]LogConfig: Setting CVar [[r.Shadow.PreShadowResolutionFactor:1.0]]
[2021.12.12-08.41.17:689][  0]LogConfig: Setting CVar [[r.DistanceFieldShadowing:1]]
[2021.12.12-08.41.17:689][  0]LogConfig: Setting CVar [[r.DistanceFieldAO:1]]
[2021.12.12-08.41.17:689][  0]LogConfig: Setting CVar [[r.AOQuality:2]]
[2021.12.12-08.41.17:689][  0]LogConfig: Setting CVar [[r.VolumetricFog:1]]
[2021.12.12-08.41.17:689][  0]LogConfig: Setting CVar [[r.VolumetricFog.GridPixelSize:8]]
[2021.12.12-08.41.17:689][  0]LogConfig: Setting CVar [[r.VolumetricFog.GridSizeZ:128]]
[2021.12.12-08.41.17:689][  0]LogConfig: Setting CVar [[r.VolumetricFog.HistoryMissSupersampleCount:4]]
[2021.12.12-08.41.17:689][  0]LogConfig: Setting CVar [[r.LightMaxDrawDistanceScale:1]]
[2021.12.12-08.41.17:689][  0]LogConfig: Setting CVar [[r.CapsuleShadows:1]]
[2021.12.12-08.41.17:689][  0]LogConfig: Applying CVar settings from Section [PostProcessQuality@3] File [../../../projects/ColdDawn/Saved/Config/Windows/Scalability.ini]
[2021.12.12-08.41.17:689][  0]LogConfig: Setting CVar [[r.MotionBlurQuality:4]]
[2021.12.12-08.41.17:689][  0]LogConfig: Setting CVar [[r.AmbientOcclusionMipLevelFactor:0.4]]
[2021.12.12-08.41.17:689][  0]LogConfig: Setting CVar [[r.AmbientOcclusionMaxQuality:100]]
[2021.12.12-08.41.17:689][  0]LogConfig: Setting CVar [[r.AmbientOcclusionLevels:-1]]
[2021.12.12-08.41.17:689][  0]LogConfig: Setting CVar [[r.AmbientOcclusionRadiusScale:1.0]]
[2021.12.12-08.41.17:689][  0]LogConfig: Setting CVar [[r.DepthOfFieldQuality:2]]
[2021.12.12-08.41.17:689][  0]LogConfig: Setting CVar [[r.RenderTargetPoolMin:400]]
[2021.12.12-08.41.17:689][  0]LogConfig: Setting CVar [[r.LensFlareQuality:2]]
[2021.12.12-08.41.17:689][  0]LogConfig: Setting CVar [[r.SceneColorFringeQuality:1]]
[2021.12.12-08.41.17:689][  0]LogConfig: Setting CVar [[r.EyeAdaptationQuality:2]]
[2021.12.12-08.41.17:689][  0]LogConfig: Setting CVar [[r.BloomQuality:5]]
[2021.12.12-08.41.17:689][  0]LogConfig: Setting CVar [[r.FastBlurThreshold:100]]
[2021.12.12-08.41.17:689][  0]LogConfig: Setting CVar [[r.Upscale.Quality:3]]
[2021.12.12-08.41.17:689][  0]LogConfig: Setting CVar [[r.Tonemapper.GrainQuantization:1]]
[2021.12.12-08.41.17:689][  0]LogConfig: Setting CVar [[r.LightShaftQuality:1]]
[2021.12.12-08.41.17:689][  0]LogConfig: Setting CVar [[r.Filter.SizeScale:1]]
[2021.12.12-08.41.17:689][  0]LogConfig: Setting CVar [[r.Tonemapper.Quality:5]]
[2021.12.12-08.41.17:689][  0]LogConfig: Setting CVar [[r.DOF.Gather.AccumulatorQuality:1        ; higher gathering accumulator quality]]
[2021.12.12-08.41.17:689][  0]LogConfig: Setting CVar [[r.DOF.Gather.PostfilterMethod:1          ; Median3x3 postfilering method]]
[2021.12.12-08.41.17:689][  0]LogConfig: Setting CVar [[r.DOF.Gather.EnableBokehSettings:0       ; no bokeh simulation when gathering]]
[2021.12.12-08.41.17:689][  0]LogConfig: Setting CVar [[r.DOF.Gather.RingCount:4                 ; medium number of samples when gathering]]
[2021.12.12-08.41.17:689][  0]LogConfig: Setting CVar [[r.DOF.Scatter.ForegroundCompositing:1    ; additive foreground scattering]]
[2021.12.12-08.41.17:689][  0]LogConfig: Setting CVar [[r.DOF.Scatter.BackgroundCompositing:2    ; additive background scattering]]
[2021.12.12-08.41.17:689][  0]LogConfig: Setting CVar [[r.DOF.Scatter.EnableBokehSettings:1      ; bokeh simulation when scattering]]
[2021.12.12-08.41.17:689][  0]LogConfig: Setting CVar [[r.DOF.Scatter.MaxSpriteRatio:0.1         ; only a maximum of 10% of scattered bokeh]]
[2021.12.12-08.41.17:689][  0]LogConfig: Setting CVar [[r.DOF.Recombine.Quality:1                ; cheap slight out of focus]]
[2021.12.12-08.41.17:689][  0]LogConfig: Setting CVar [[r.DOF.Recombine.EnableBokehSettings:0    ; no bokeh simulation on slight out of focus]]
[2021.12.12-08.41.17:689][  0]LogConfig: Setting CVar [[r.DOF.TemporalAAQuality:1                ; more stable temporal accumulation]]
[2021.12.12-08.41.17:689][  0]LogConfig: Setting CVar [[r.DOF.Kernel.MaxForegroundRadius:0.025]]
[2021.12.12-08.41.17:689][  0]LogConfig: Setting CVar [[r.DOF.Kernel.MaxBackgroundRadius:0.025]]
[2021.12.12-08.41.17:689][  0]LogConfig: Applying CVar settings from Section [TextureQuality@3] File [../../../projects/ColdDawn/Saved/Config/Windows/Scalability.ini]
[2021.12.12-08.41.17:689][  0]LogConfig: Setting CVar [[r.Streaming.MipBias:0]]
[2021.12.12-08.41.17:689][  0]LogConfig: Setting CVar [[r.Streaming.AmortizeCPUToGPUCopy:0]]
[2021.12.12-08.41.17:689][  0]LogConfig: Setting CVar [[r.Streaming.MaxNumTexturesToStreamPerFrame:0]]
[2021.12.12-08.41.17:689][  0]LogConfig: Setting CVar [[r.Streaming.Boost:1]]
[2021.12.12-08.41.17:689][  0]LogConfig: Setting CVar [[r.MaxAnisotropy:8]]
[2021.12.12-08.41.17:689][  0]LogConfig: Setting CVar [[r.VT.MaxAnisotropy:8]]
[2021.12.12-08.41.17:689][  0]LogConfig: Setting CVar [[r.Streaming.LimitPoolSizeToVRAM:0]]
[2021.12.12-08.41.17:689][  0]LogConfig: Setting CVar [[r.Streaming.PoolSize:1000]]
[2021.12.12-08.41.17:689][  0]LogConfig: Setting CVar [[r.Streaming.MaxEffectiveScreenSize:0]]
[2021.12.12-08.41.17:689][  0]LogConfig: Applying CVar settings from Section [EffectsQuality@3] File [../../../projects/ColdDawn/Saved/Config/Windows/Scalability.ini]
[2021.12.12-08.41.17:689][  0]LogConfig: Setting CVar [[r.TranslucencyLightingVolumeDim:64]]
[2021.12.12-08.41.17:689][  0]LogConfig: Setting CVar [[r.RefractionQuality:2]]
[2021.12.12-08.41.17:689][  0]LogConfig: Setting CVar [[r.SSR.Quality:3]]
[2021.12.12-08.41.17:689][  0]LogConfig: Setting CVar [[r.SSR.HalfResSceneColor:0]]
[2021.12.12-08.41.17:689][  0]LogConfig: Setting CVar [[r.SceneColorFormat:4]]
[2021.12.12-08.41.17:689][  0]LogConfig: Setting CVar [[r.DetailMode:2]]
[2021.12.12-08.41.17:689][  0]LogConfig: Setting CVar [[r.TranslucencyVolumeBlur:1]]
[2021.12.12-08.41.17:689][  0]LogConfig: Setting CVar [[r.MaterialQualityLevel:1 ; High quality]]
[2021.12.12-08.41.17:689][  0]LogConfig: Setting CVar [[r.SSS.Scale:1]]
[2021.12.12-08.41.17:689][  0]LogConfig: Setting CVar [[r.SSS.SampleSet:2]]
[2021.12.12-08.41.17:689][  0]LogConfig: Setting CVar [[r.SSS.Quality:1]]
[2021.12.12-08.41.17:689][  0]LogConfig: Setting CVar [[r.SSS.HalfRes:0]]
[2021.12.12-08.41.17:689][  0]LogConfig: Setting CVar [[r.SSGI.Quality:3]]
[2021.12.12-08.41.17:689][  0]LogConfig: Setting CVar [[r.EmitterSpawnRateScale:1.0]]
[2021.12.12-08.41.17:689][  0]LogConfig: Setting CVar [[r.ParticleLightQuality:2]]
[2021.12.12-08.41.17:689][  0]LogConfig: Setting CVar [[r.SkyAtmosphere.AerialPerspectiveLUT.FastApplyOnOpaque:1 ; Always have FastSkyLUT 1 in this case to avoid wrong sky]]
[2021.12.12-08.41.17:689][  0]LogConfig: Setting CVar [[r.SkyAtmosphere.AerialPerspectiveLUT.SampleCountPerSlice:1]]
[2021.12.12-08.41.17:689][  0]LogConfig: Setting CVar [[r.SkyAtmosphere.AerialPerspectiveLUT.DepthResolution:16.0]]
[2021.12.12-08.41.17:689][  0]LogConfig: Setting CVar [[r.SkyAtmosphere.FastSkyLUT:1]]
[2021.12.12-08.41.17:689][  0]LogConfig: Setting CVar [[r.SkyAtmosphere.FastSkyLUT.SampleCountMin:4.0]]
[2021.12.12-08.41.17:689][  0]LogConfig: Setting CVar [[r.SkyAtmosphere.FastSkyLUT.SampleCountMax:32.0]]
[2021.12.12-08.41.17:689][  0]LogConfig: Setting CVar [[r.SkyAtmosphere.SampleCountMin:4.0]]
[2021.12.12-08.41.17:689][  0]LogConfig: Setting CVar [[r.SkyAtmosphere.SampleCountMax:32.0]]
[2021.12.12-08.41.17:690][  0]LogConfig: Setting CVar [[r.SkyAtmosphere.TransmittanceLUT.UseSmallFormat:0]]
[2021.12.12-08.41.17:690][  0]LogConfig: Setting CVar [[r.SkyAtmosphere.TransmittanceLUT.SampleCount:10.0]]
[2021.12.12-08.41.17:690][  0]LogConfig: Setting CVar [[r.SkyAtmosphere.MultiScatteringLUT.SampleCount:15.0]]
[2021.12.12-08.41.17:690][  0]LogConfig: Applying CVar settings from Section [FoliageQuality@3] File [../../../projects/ColdDawn/Saved/Config/Windows/Scalability.ini]
[2021.12.12-08.41.17:690][  0]LogConfig: Setting CVar [[foliage.DensityScale:1.0]]
[2021.12.12-08.41.17:690][  0]LogConfig: Setting CVar [[grass.DensityScale:1.0]]
[2021.12.12-08.41.17:690][  0]LogConfig: Applying CVar settings from Section [ShadingQuality@3] File [../../../projects/ColdDawn/Saved/Config/Windows/Scalability.ini]
[2021.12.12-08.41.17:690][  0]LogConfig: Setting CVar [[r.HairStrands.SkyLighting.SampleCount:16]]
[2021.12.12-08.41.17:690][  0]LogConfig: Setting CVar [[r.HairStrands.SkyLighting.JitterIntegration:0]]
[2021.12.12-08.41.17:690][  0]LogConfig: Setting CVar [[r.HairStrands.SkyAO.SampleCount:16]]
[2021.12.12-08.41.17:690][  0]LogConfig: Setting CVar [[r.HairStrands.DeepShadow.SuperSampling:0]]
[2021.12.12-08.41.17:690][  0]LogConfig: Setting CVar [[r.HairStrands.VisibilityPPLL:0]]
[2021.12.12-08.41.17:690][  0]LogConfig: Setting CVar [[r.HairStrands.RasterizationScale:0.5]]
[2021.12.12-08.41.17:690][  0]LogConfig: Setting CVar [[r.HairStrands.VelocityRasterizationScale:1]]
[2021.12.12-08.41.17:690][  0]LogConfig: Applying CVar settings from Section [Startup] File [../../../Engine/Config/ConsoleVariables.ini]
[2021.12.12-08.41.17:690][  0]LogConfig: Setting CVar [[net.UseAdaptiveNetUpdateFrequency:0]]
[2021.12.12-08.41.17:690][  0]LogConfig: Setting CVar [[p.chaos.AllowCreatePhysxBodies:1]]
[2021.12.12-08.41.17:690][  0]LogConfig: Setting CVar [[fx.SkipVectorVMBackendOptimizations:1]]
[2021.12.12-08.41.17:690][  0]LogConfig: Applying CVar settings from Section [ConsoleVariables] File [../../../projects/ColdDawn/Saved/Config/Windows/Engine.ini]
[2021.12.12-08.41.17:690][  0]LogInit: Computer: DESKTOP-UUNE467
[2021.12.12-08.41.17:690][  0]LogInit: User: Asi
[2021.12.12-08.41.17:690][  0]LogInit: CPU Page size=4096, Cores=6
[2021.12.12-08.41.17:690][  0]LogInit: High frequency timer resolution =10.000000 MHz
[2021.12.12-08.41.17:690][  0]LogMemory: Memory total: Physical=31.9GB (32GB approx)
[2021.12.12-08.41.17:690][  0]LogMemory: Platform Memory Stats for Windows
[2021.12.12-08.41.17:690][  0]LogMemory: Process Physical Memory: 120.41 MB used, 120.41 MB peak
[2021.12.12-08.41.17:690][  0]LogMemory: Process Virtual Memory: 107.24 MB used, 107.24 MB peak
[2021.12.12-08.41.17:690][  0]LogMemory: Physical Memory: 16639.49 MB used,  16014.54 MB free, 32654.03 MB total
[2021.12.12-08.41.17:690][  0]LogMemory: Virtual Memory: 5177.20 MB used,  134212552.00 MB free, 134217728.00 MB total
[2021.12.12-08.41.17:696][  0]LogWindows: WindowsPlatformFeatures enabled
[2021.12.12-08.41.17:746][  0]LogInit: Physics initialised using underlying interface: PhysX
[2021.12.12-08.41.17:746][  0]LogInit: Using OS detected language (en-US).
[2021.12.12-08.41.17:746][  0]LogInit: Using OS detected locale (en-US).
[2021.12.12-08.41.17:747][  0]LogTextLocalizationManager: No specific localization for 'en-US' exists, so the 'en' localization will be used.
[2021.12.12-08.41.18:038][  0]LogSlate: New Slate User Created.  User Index 0, Is Virtual User: 0
[2021.12.12-08.41.18:038][  0]LogSlate: Slate User Registered.  User Index 0, Is Virtual User: 0
[2021.12.12-08.41.18:053][  0]LogHMD: Failed to initialize OpenVR with code 110
[2021.12.12-08.41.18:053][  0]LogD3D11RHI: D3D11 min allowed feature level: 11_0
[2021.12.12-08.41.18:053][  0]LogD3D11RHI: D3D11 max allowed feature level: 11_0
[2021.12.12-08.41.18:053][  0]LogD3D11RHI: D3D11 adapters:
[2021.12.12-08.41.18:214][  0]LogD3D11RHI:    0. 'NVIDIA GeForce RTX 3070 Ti' (Feature Level 11_0)
[2021.12.12-08.41.18:214][  0]LogD3D11RHI:       8041/0/16327 MB DedicatedVideo/DedicatedSystem/SharedSystem, Outputs:2, VendorId:0x10de
[2021.12.12-08.41.18:218][  0]LogD3D11RHI:    1. 'Microsoft Basic Render Driver' (Feature Level 11_0)
[2021.12.12-08.41.18:218][  0]LogD3D11RHI:       0/0/16327 MB DedicatedVideo/DedicatedSystem/SharedSystem, Outputs:0, VendorId:0x1414
[2021.12.12-08.41.18:218][  0]LogD3D11RHI: Chosen D3D11 Adapter: 0
[2021.12.12-08.41.18:259][  0]LogD3D11RHI: Creating new Direct3DDevice
[2021.12.12-08.41.18:259][  0]LogD3D11RHI:     GPU DeviceId: 0x2482 (for the marketing name, search the web for "GPU Device Id")
[2021.12.12-08.41.18:259][  0]LogWindows: EnumDisplayDevices:
[2021.12.12-08.41.18:260][  0]LogWindows:    0. 'NVIDIA GeForce RTX 3070 Ti' (P:1 D:1)
[2021.12.12-08.41.18:260][  0]LogWindows:    1. 'NVIDIA GeForce RTX 3070 Ti' (P:0 D:1)
[2021.12.12-08.41.18:260][  0]LogWindows:    2. 'NVIDIA GeForce RTX 3070 Ti' (P:0 D:0)
[2021.12.12-08.41.18:260][  0]LogWindows:    3. 'NVIDIA GeForce RTX 3070 Ti' (P:0 D:0)
[2021.12.12-08.41.18:260][  0]LogWindows: DebugString: FoundDriverCount:4 
[2021.12.12-08.41.18:260][  0]LogD3D11RHI:     Adapter Name: NVIDIA GeForce RTX 3070 Ti
[2021.12.12-08.41.18:260][  0]LogD3D11RHI:   Driver Version: 471.41 (internal:30.0.14.7141, unified:471.41)
[2021.12.12-08.41.18:260][  0]LogD3D11RHI:      Driver Date: 7-12-2021
[2021.12.12-08.41.18:260][  0]LogRHI: Texture pool is 5628 MB (70% of 8041 MB)
[2021.12.12-08.41.18:380][  0]LogD3D11RHI: RHI has support for 64 bit atomics
[2021.12.12-08.41.18:380][  0]LogD3D11RHI: Async texture creation enabled
[2021.12.12-08.41.18:380][  0]LogD3D11RHI: Array index from any shader is supported
[2021.12.12-08.41.18:383][  0]LogD3D11RHI: HDR output is supported on display 0 (NvId: 0x80061082).
[2021.12.12-08.41.18:432][  0]LogD3D11RHI: GPU Timing Frequency: 1000.000000 (Debug: 2 1)
[2021.12.12-08.41.18:784][  0]LogTargetPlatformManager: Display: Loaded TargetPlatform 'WindowsNoEditor'
[2021.12.12-08.41.18:789][  0]LogTargetPlatformManager: Display: Loaded TargetPlatform 'Windows'
[2021.12.12-08.41.18:798][  0]LogTargetPlatformManager: Display: Loaded TargetPlatform 'WindowsClient'
[2021.12.12-08.41.18:808][  0]LogTargetPlatformManager: Display: Loaded TargetPlatform 'WindowsServer'
[2021.12.12-08.41.18:808][  0]LogTargetPlatformManager: Display: Building Assets For Windows
[2021.12.12-08.41.18:814][  0]LogAudioDebug: Display: Lib vorbis DLL was dynamically loaded.
[2021.12.12-08.41.18:872][  0]LogShaderCompilers: Guid format shader working directory is 16 characters bigger than the processId version (../../../projects/ColdDawn/Intermediate/Shaders/WorkingDirectory/141616/).
[2021.12.12-08.41.18:872][  0]LogShaderCompilers: Cleaned the shader compiler working directory 'C:/Users/Asi/AppData/Local/Temp/UnrealShaderWorkingDir/23CF7D134F103245AA137E8988AE79FF/'.
[2021.12.12-08.41.18:873][  0]LogXGEController: Cannot use XGE Controller as Incredibuild is not installed on this machine.
[2021.12.12-08.41.18:873][  0]LogShaderCompilers: Cannot use XGE Shader Compiler as Incredibuild is not installed on this machine.
[2021.12.12-08.41.18:873][  0]LogShaderCompilers: Display: Using Local Shader Compiler.
[2021.12.12-08.41.19:592][  0]LogDerivedDataCache: Display: Max Cache Size: 512 MB
[2021.12.12-08.41.19:651][  0]LogDerivedDataCache: Loaded boot cache 0.06s 75MB C:/Users/Asi/AppData/Local/UnrealEngine/4.25/DerivedDataCache/Boot.ddc.
[2021.12.12-08.41.19:651][  0]LogDerivedDataCache: Display: Loaded Boot cache: C:/Users/Asi/AppData/Local/UnrealEngine/4.25/DerivedDataCache/Boot.ddc
[2021.12.12-08.41.19:651][  0]LogDerivedDataCache: FDerivedDataBackendGraph:  Pak pak cache file ../../../projects/ColdDawn/DerivedDataCache/DDC.ddp not found, will not use a pak cache.
[2021.12.12-08.41.19:651][  0]LogDerivedDataCache: Unable to find inner node Pak for hierarchical cache Hierarchy.
[2021.12.12-08.41.19:651][  0]LogDerivedDataCache: FDerivedDataBackendGraph:  CompressedPak pak cache file ../../../projects/ColdDawn/DerivedDataCache/Compressed.ddp not found, will not use a pak cache.
[2021.12.12-08.41.19:651][  0]LogDerivedDataCache: Unable to find inner node CompressedPak for hierarchical cache Hierarchy.
[2021.12.12-08.41.19:662][  0]LogDerivedDataCache: Display: Pak cache opened for reading ../../../Engine/DerivedDataCache/Compressed.ddp.
[2021.12.12-08.41.19:663][  0]LogDerivedDataCache: FDerivedDataBackendGraph:  EnterprisePak pak cache file ../../../Enterprise/DerivedDataCache/Compressed.ddp not found, will not use a pak cache.
[2021.12.12-08.41.19:663][  0]LogDerivedDataCache: Unable to find inner node EnterprisePak for hierarchical cache Hierarchy.
[2021.12.12-08.41.19:664][  0]LogDerivedDataCache: Using Local data cache path C:/Users/Asi/AppData/Local/UnrealEngine/Common/DerivedDataCache: Writable
[2021.12.12-08.41.19:664][  0]LogDerivedDataCache: Shared data cache path not found in *engine.ini, will not use an Shared cache.
[2021.12.12-08.41.19:664][  0]LogDerivedDataCache: Unable to find inner node Shared for hierarchical cache Hierarchy.
[2021.12.12-08.41.19:704][  0]LogSlate: Using FreeType 2.10.0
[2021.12.12-08.41.19:705][  0]LogSlate: SlateFontServices - WITH_FREETYPE: 1, WITH_HARFBUZZ: 1
[2021.12.12-08.41.19:776][  0]LogInit: Using OS detected language (en-US).
[2021.12.12-08.41.19:776][  0]LogInit: Using OS detected locale (en-US).
[2021.12.12-08.41.19:776][  0]LogTextLocalizationManager: No localization for 'en-US' exists, so 'en' will be used for the language.
[2021.12.12-08.41.19:776][  0]LogTextLocalizationManager: No localization for 'en-US' exists, so 'en' will be used for the locale.
[2021.12.12-08.41.19:776][  0]LogSlate: FontCache flush requested. Reason: Culture for localization was changed
[2021.12.12-08.41.19:776][  0]LogSlate: FontCache flush requested. Reason: Culture for localization was changed
[2021.12.12-08.41.19:777][  0]LogTextLocalizationManager: Compacting localization data took   0.00ms
[2021.12.12-08.41.19:781][  0]LogAssetRegistry: FAssetRegistry took 0.0024 seconds to start up
[2021.12.12-08.41.19:977][  0]LogPackageLocalizationCache: Processed 19 localized package path(s) for 1 prioritized culture(s) in 0.000910 seconds
[2021.12.12-08.41.20:026][  0]LogInit: Selected Device Profile: [Windows]
[2021.12.12-08.41.20:137][  0]LogMeshReduction: Using QuadricMeshReduction for automatic static mesh reduction
[2021.12.12-08.41.20:137][  0]LogMeshReduction: Using SimplygonMeshReduction for automatic skeletal mesh reduction
[2021.12.12-08.41.20:137][  0]LogMeshReduction: Using ProxyLODMeshReduction for automatic mesh merging
[2021.12.12-08.41.20:137][  0]LogMeshReduction: No distributed automatic mesh merging module available
[2021.12.12-08.41.20:137][  0]LogMeshMerging: No distributed automatic mesh merging module available
[2021.12.12-08.41.20:158][  0]LogNetVersion: ColdDawn 1.0.0, NetCL: 13144385, EngineNetVer: 14, GameNetVer: 0 (Checksum: 3432050753)
[2021.12.12-08.41.20:437][  0]LogAISub: UAISubsystem::UAISubsystem AISubsystem (0000028AEAB4B980), frame # 0
[2021.12.12-08.41.20:437][  0]LogAISub: UAISubsystem::UAISubsystem AIPerceptionSystem (0000028AEAB596C0), frame # 0
[2021.12.12-08.41.20:438][  0]LogAISub: UAISubsystem::UAISubsystem EnvQueryManager (0000028AEAB47C00), frame # 0
[2021.12.12-08.41.20:523][  0]LogCollectionManager: Loaded 0 collections in 0.000910 seconds
[2021.12.12-08.41.20:526][  0]LogFileCache: Scanning file cache for directory 'E:/UE_4.25/projects/ColdDawn/Saved/Collections/' took 0.00s
[2021.12.12-08.41.20:526][  0]LogFileCache: Scanning file cache for directory 'E:/UE_4.25/projects/ColdDawn/Content/Developers/Asi/Collections/' took 0.00s
[2021.12.12-08.41.20:526][  0]LogFileCache: Scanning file cache for directory 'E:/UE_4.25/projects/ColdDawn/Content/Collections/' took 0.00s
[2021.12.12-08.41.20:526][  0]LogCollectionManager: Fixed up redirectors for 0 collections in 0.000004 seconds (updated 0 objects)
[2021.12.12-08.41.20:577][  0]LogMoviePlayer: Initializing movie player
[2021.12.12-08.41.20:741][  0]LogTcpMessaging: Initializing TcpMessaging bridge
[2021.12.12-08.41.20:745][  0]LogUdpMessaging: Initializing bridge on interface 0.0.0.0:0 to multicast group 230.0.0.1:6666.
[2021.12.12-08.41.20:789][  0]SourceControl: Source control is disabled
[2021.12.12-08.41.20:789][  0]SourceControl: Source control is disabled
[2021.12.12-08.41.20:794][  0]SourceControl: Source control is disabled
[2021.12.12-08.41.20:809][  0]LogVSAccessor: Display: Unable to create Visual Studio setup instance: 80040154
[2021.12.12-08.41.20:809][  0]LogVSAccessor: Display: Unable to create Visual Studio setup instance: 80040154
[2021.12.12-08.41.20:921][  0]LogAndroidPermission: UAndroidPermissionCallbackProxy::GetInstance
[2021.12.12-08.41.20:938][  0]LogAudioCaptureCore: Display: No Audio Capture implementations found. Audio input will be silent.
[2021.12.12-08.41.20:938][  0]LogAudioCaptureCore: Display: No Audio Capture implementations found. Audio input will be silent.
[2021.12.12-08.41.20:980][  0]LogOcInput: OculusInput pre-init called
[2021.12.12-08.41.20:999][  0]LogUObjectArray: 19064 objects as part of root set at end of initial load.
[2021.12.12-08.41.20:999][  0]LogUObjectAllocator: 5015424 out of 0 bytes used by permanent object pool.
[2021.12.12-08.41.20:999][  0]LogUObjectArray: CloseDisregardForGC: 0/0 objects in disregard for GC pool
[2021.12.12-08.41.21:042][  0]LogEngine: Initializing Engine...
[2021.12.12-08.41.21:043][  0]LogHMD: Failed to initialize OpenVR with code 110
[2021.12.12-08.41.21:043][  0]LogMagicLeap: Warning: VR disabled because ZI is not enabled.  To enable, in the editor, Edit -> Project Settings -> Plugins -> Magic Leap Plugin -> Enable Zero Iteration
[2021.12.12-08.41.21:045][  0]LogStats: UGameplayTagsManager::InitializeManager -  0.000 s
[2021.12.12-08.41.21:139][  0]LogInit: Initializing FReadOnlyCVARCache
[2021.12.12-08.41.21:144][  0]LogAudioMixer: Display: Audio Mixer Platform Settings:
[2021.12.12-08.41.21:144][  0]LogAudioMixer: Display: 	Sample Rate:						  48000
[2021.12.12-08.41.21:144][  0]LogAudioMixer: Display: 	Callback Buffer Frame Size Requested: 1024
[2021.12.12-08.41.21:144][  0]LogAudioMixer: Display: 	Callback Buffer Frame Size To Use:	  1024
[2021.12.12-08.41.21:144][  0]LogAudioMixer: Display: 	Number of buffers to queue:			  2
[2021.12.12-08.41.21:144][  0]LogAudioMixer: Display: 	Max Channels (voices):				  32
[2021.12.12-08.41.21:144][  0]LogAudioMixer: Display: 	Number of Async Source Workers:		  0
[2021.12.12-08.41.21:144][  0]LogAudio: Display: AudioDevice MaxSources: 32
[2021.12.12-08.41.21:144][  0]LogAudio: Display: Using built-in audio occlusion.
[2021.12.12-08.41.21:144][  0]LogAudioMixer: Display: Initializing audio mixer.
[2021.12.12-08.41.21:154][  0]LogAudioMixer: Display: 0: FrontLeft
[2021.12.12-08.41.21:154][  0]LogAudioMixer: Display: 1: FrontRight
[2021.12.12-08.41.21:201][  0]LogAudioMixer: Display: Using Audio Device Speakers (HyperX Cloud Flight Wireless)
[2021.12.12-08.41.21:209][  0]LogAudioMixer: Display: Initializing Sound Submixes...
[2021.12.12-08.41.21:210][  0]LogAudioMixer: Display: Creating Master Submix 'MasterSubmixDefault'
[2021.12.12-08.41.21:210][  0]LogAudioMixer: Display: Creating Master Submix 'MasterReverbSubmixDefault'
[2021.12.12-08.41.21:211][  0]LogAudioMixer: Display: Creating Master Submix 'MasterEQSubmixDefault'
[2021.12.12-08.41.21:213][  0]LogInit: FAudioDevice initialized.
[2021.12.12-08.41.21:214][  0]LogNetVersion: Set ProjectVersion to 1.0.0.0. Version Checksum will be recalculated on next use.
[2021.12.12-08.41.21:217][  0]LogInit: Texture streaming: Enabled
[2021.12.12-08.41.21:277][  0]LogSlate: Updating window title bar state: overlay mode, drag disabled, window buttons hidden, title bar hidden
[2021.12.12-08.41.21:278][  0]LogInit: Display: Game Engine Initialized.
[2021.12.12-08.41.21:278][  0]LogNiagaraEditor: Warning: GEditor isn't valid! Particle reset commands will not work for Niagara components!
[2021.12.12-08.41.21:303][  0]LogInit: Display: Starting Game.
[2021.12.12-08.41.21:304][  0]LogNet: Browse: /Game/ColdDawn/Levels/Factory?Name=Player
[2021.12.12-08.41.21:304][  0]LogLoad: LoadMap: /Game/ColdDawn/Levels/Factory?Name=Player
[2021.12.12-08.41.21:304][  0]LogWorld: BeginTearingDown for /Temp/Untitled_0
[2021.12.12-08.41.21:305][  0]LogWorld: UWorld::CleanupWorld for Untitled, bSessionEnded=true, bCleanupResources=true
[2021.12.12-08.41.21:305][  0]LogSlate: InvalidateAllWidgets triggered.  All widgets were invalidated
[2021.12.12-08.41.21:320][  0]LogUObjectHash: Compacting FUObjectHashTables data took   0.66ms
[2021.12.12-08.41.21:534][  0]LogAIModule: Creating AISystem for world Factory
[2021.12.12-08.41.21:535][  0]LogAISub: UAISubsystem::UAISubsystem EnvQueryManager (0000028AE5AB3C00), frame # 0
[2021.12.12-08.41.21:535][  0]LogAISub: UAISubsystem::UAISubsystem AIPerceptionSystem (0000028AE5ADB740), frame # 0
[2021.12.12-08.41.22:023][  0]LogLoad: Game class is 'ThirdPersonGameMode_C'
[2021.12.12-08.41.22:036][  0]LogWorld: Bringing World /Game/ColdDawn/Levels/Factory.Factory up for play (max tick rate 0) at 2021.12.12-00.41.22
[2021.12.12-08.41.22:036][  0]LogWorld: Bringing up level for play took: 0.012393
[2021.12.12-08.41.22:037][  0]LogGameMode: FindPlayerStart: PATHS NOT DEFINED or NO PLAYERSTART with positive rating
[2021.12.12-08.41.22:039][  0]LogSpawn: Warning: SpawnActor failed because of collision at the spawn location [X=0.000 Y=0.000 Z=0.000] for [CD_FirstPersonCharacter_C]
[2021.12.12-08.41.22:039][  0]LogGameMode: Warning: SpawnDefaultPawnAtTransform: Couldn't spawn Pawn of type CD_FirstPersonCharacter_C at Rotation: Pitch 0.000000 Yaw 0.000000 Roll 0.000000
Translation: 0.000000 0.000000 0.000000
Scale3D: 1.000000 1.000000 1.000000

[2021.12.12-08.41.22:041][  0]LogLoad: Took 0.736688 seconds to LoadMap(/Game/ColdDawn/Levels/Factory)
[2021.12.12-08.41.22:085][  0]LogRenderer: Reallocating scene render targets to support 1280x720 Format 10 NumSamples 1 (Frame:1).
[2021.12.12-08.41.22:085][  0]LogLoad: (Engine Initialization) Total time: 5.56 seconds
[2021.12.12-08.41.22:085][  0]LogLoad: (Engine Initialization) Total Blueprint compile time: 0.00 seconds
[2021.12.12-08.41.22:120][  0]LogSlate: New Slate User Created.  User Index 1, Is Virtual User: 0
[2021.12.12-08.41.22:120][  0]LogSlate: Slate User Registered.  User Index 1, Is Virtual User: 0
[2021.12.12-08.41.22:123][  0]LogContentStreaming: Texture pool size now 1000 MB
[2021.12.12-08.41.22:128][  0]LogSlate: InvalidateAllWidgets triggered.  All widgets were invalidated
[2021.12.12-08.41.22:132][  0]LogRenderer: Reallocating scene render targets to support 128x128 Format 10 NumSamples 1 (Frame:1).
[2021.12.12-08.41.22:164][  0]LogRenderer: Reallocating scene render targets to support 1280x720 Format 10 NumSamples 1 (Frame:2).
[2021.12.12-08.41.28:546][355]LogWindowsDesktop: Alt-F4 pressed!
[2021.12.12-08.41.28:556][355]LogSlate: Window 'ColdDawn (64-bit Development PCD3D_SM5) ' being destroyed
[2021.12.12-08.41.28:557][355]LogWindowsTextInputMethodSystem: Display: IME system now deactivated.
[2021.12.12-08.41.28:563][355]LogSlate: Updating window title bar state: overlay mode, drag disabled, window buttons hidden, title bar hidden
[2021.12.12-08.41.28:563][355]LogEngine: All Windows Closed
[2021.12.12-08.41.28:563][355]LogWindows: FPlatformMisc::RequestExit(0)
[2021.12.12-08.41.28:563][355]LogCore: Engine exit requested (reason: Win RequestExit)
[2021.12.12-08.41.28:566][356]LogCore: Engine exit requested (reason: EngineExit() was called; note: exit was already requested)
[2021.12.12-08.41.28:569][356]LogAudio: Display: Shutting down audio device while 2 references to it are still alive. For more information, compile with INSTRUMENT_AUDIODEVICE_HANDLES.
[2021.12.12-08.41.28:624][356]LogInit: Display: PreExit Game.
[2021.12.12-08.41.28:659][356]LogWorld: BeginTearingDown for /Game/ColdDawn/Levels/Factory
[2021.12.12-08.41.28:660][356]LogWorld: UWorld::CleanupWorld for Factory, bSessionEnded=true, bCleanupResources=true
[2021.12.12-08.41.28:662][356]LogSlate: InvalidateAllWidgets triggered.  All widgets were invalidated
[2021.12.12-08.41.29:056][356]LogExit: Preparing to exit.
